Unity Player [version: Unity 5.4.3f1_01f4c123905a]

networkTest.exe caused an Access Violation (0xc0000005)
  in module networkTest.exe at 0023:0147d1d6.

Error occurred at 2016-11-24_231050.
C:\4th Year\Capstone\ServerSet\networkTest.exe, run by Bonhomme.
66% memory in use.
0 MB physical memory [2741 MB free].
0 MB paging file [2476 MB free].
0 MB user address space [3681 MB free].
Read from location 000005d4 caused an access violation.

Context:
EDI:    0x00000000  ESI: 0x04828170  EAX:   0x0098e430
EBX:    0x0002f61c  ECX: 0x00000000  EDX:   0x00000002
EIP:    0x0147d1d6  EBP: 0x0098e41c  SegCs: 0x00000023
EFlags: 0x00210287  ESP: 0x0098e418  SegSs: 0x0000002b

Bytes at CS:EIP:
83 bf d4 05 00 00 00 75 07 32 c0 5f 5d c2 04 00 

Stack:
0x0098e418: 01c9c1b5 0098e44c 01464a89 0098e430 ....L....JF.0...
0x0098e428: 00000003 04828170 666e6f63 72006769 ....p...config.r
0x0098e438: 53726576 ff007465 00000006 0000000f verSet..........
0x0098e448: ffffff22 0098e454 01463ce7 0098e46c "...T....<F.l...
0x0098e458: 01463e06 00000002 014661b0 00000000 .>F......aF.....
0x0098e468: 01e13670 0098e488 0146620f 00000003 p6.......bF.....
0x0098e478: 7dbbdebd 7dbbdebd 0002f61c 00000000 ...}...}........
0x0098e488: 0098e4bc 01462c75 04828170 00000003 ....u,F.p.......
0x0098e498: 7dbbdebd 7dbbdebd 0002f61c 00000000 ...}...}........
0x0098e4a8: 00000003 04828118 00000000 01e13670 ............p6..
0x0098e4b8: 00000000 0098e524 01463964 00000003 ....$...d9F.....
0x0098e4c8: 7dbbdebd 7dbbdebd 0002f61c 00000000 ...}...}........
0x0098e4d8: 01e13974 00000000 01e13974 00000000 t9......t9......
0x0098e4e8: 00000001 22b420a2 00000006 041b0e30 ..... ."....0...
0x0098e4f8: 0098e508 01a91007 00000006 041dbb60 ............`...
0x0098e508: 0098e52c 012da3c3 04718f88 0098e528 ,.....-...q.(...
0x0098e518: 00000000 99adb264 00000000 0098e530 ....d.......0...
0x0098e528: 01463987 00000003 0098e54c 00f57691 .9F.....L....v..
0x0098e538: 04828118 00000000 00000000 00000006 ................
0x0098e548: 00000000 0098e56c 0108a43f 00000000 ....l...?.......
0x0098e558: 041a6fc0 00000000 fffffffe 0098e5b4 .o..............
0x0098e568: 01122bb4 0098e5b4 01122945 00000000 .+......E)......
0x0098e578: 00000001 00000000 00000001 01122600 .............&..
0x0098e588: 77012f60 f7016922 000004b0 00000000 `/.w"i..........
0x0098e598: 76ffa843 02530a60 00000000 0000001c C..v`.S.........
0x0098e5a8: 00000001 00001650 00000000 0098e5e0 ....P...........
0x0098e5b8: 7438d2b3 00630672 00000006 00000001 ..8tr.c.........
0x0098e5c8: 00000000 00000001 dcbaabcd 01122600 .............&..
0x0098e5d8: 00000000 00000001 0098e6c8 7436e88a ..............6t
0x0098e5e8: 01122600 00630672 00000006 00000001 .&..r.c.........
0x0098e5f8: 00000000 f7016a6e 00000000 00000000 ....nj..........
0x0098e608: 00000006 00000080 00000040 00000003 ........@.......
0x0098e618: 00810000 00810000 072ddfe0 0000000c ..........-.....
0x0098e628: 00000000 00000024 00000001 00000000 ....$...........
0x0098e638: 00000000 00000070 ffffffff ffffffff ....p...........
0x0098e648: 00000024 00000001 00000000 00000000 $...............
0x0098e658: 00000030 ffffffff ffffffff 7436e71c 0.............6t
0x0098e668: 00000000 00000000 00000000 00000000 ................
0x0098e678: 00000000 00000000 01122600 00000000 .........&......
0x0098e688: 022c09f8 00000000 80000011 00000000 ..,.............
0x0098e698: 00000000 80000011 00000000 00000001 ................
0x0098e6a8: 00630672 f7016a6e 7436e4c0 0098de48 r.c.nj....6tH...
0x0098e6b8: 0098e718 743915b0 83d9c366 00000000 ......9tf.......
0x0098e6c8: 0098e728 7436e4c0 01122600 00000000 (.....6t.&......
0x0098e6d8: 00000006 00000001 00000000 00673000 .............0g.
0x0098e6e8: 00000001 f7016b8e 0098e88c 77051bf0 .....k.........w
0x0098e6f8: 00000000 0098e760 743915b0 00000000 ....`.....9t....
0x0098e708: 00630672 00000000 0098e6ec 0098de48 r.c.........H...
0x0098e718: 0098e778 743915b0 83d9c306 fffffffe x.....9t........
0x0098e728: 0098e768 74378b09 0252fe20 00000000 h.....7t .R.....
0x0098e738: 00000006 00000001 00000000 01122600 .............&..
0x0098e748: 00000400 00000001 00000000 00000000 ................
0x0098e758: 0098e76c 00000000 00000000 f7016bce l............k..
0x0098e768: 0098e7d4 77040006 0098e784 00000020 .......w.... ...
0x0098e778: 0098e854 7703ff50 0098e7a8 0252fe20 T...P..w.... .R.
0x0098e788: 00000000 00000006 00000001 00000000 ................
0x0098e798: 01122600 77051bf0 00000000 73cd249c .&.....w.....$.s
0x0098e7a8: 74376ad7 0098e88c 00560650 00000400 .j7t....P.V.....
0x0098e7b8: 00007fff 00000003 0098ebc8 00673000 .............0g.
0x0098e7c8: 0098ebc8 00000000 00000000 0098e80c ................
0x0098e7d8: 74376a6d 00000400 00007fff 00000003 mj7t............
0x0098e7e8: 00000000 0098ebc8 0098e88c 0098ebc8 ................
0x0098e7f8: 00000000 00000102 0098e9b0 00673000 .............0g.
0x0098e808: 0098e7f4 0098e864 73b708f6 0098e88c ....d......s....
0x0098e818: 00560650 00000400 00007fff 00000003 P.V.............
0x0098e828: a4f0297e 0098ebc8 00000000 00000040 ~)..........@...
0x0098e838: 0198e84c 0098e894 73b708f6 0098ebc8 L..........s....
0x0098e848: 00000000 0098e828 00000000 0098e930 ....(.......0...
0x0098e858: 73bbff90 d7a0c7ea 00000000 0098e8a8 ...s............
0x0098e868: 73b70b9f 0098e88c 00560650 00000400 ...s....P.V.....
0x0098e878: 00007fff 00000003 0098ebc8 0098ebc8 ................
0x0098e888: 00000000 73b70908 a4f029d6 0098ebc8 .......s.)......
0x0098e898: 00a14230 00000000 00000000 00000000 0B..............
0x0098e8a8: 0098e8dc 73b70aec 0098ebc8 0098ebc8 .......s........
0x0098e8b8: 00000002 806d133d fffffffe 0098e92c ....=.m.....,...
0x0098e8c8: 73cd24ac 743785f6 00005cff 74378600 .$.s..7t.\....7t
0x0098e8d8: f701647a 0098e940 73b70c0d 00400040 zd..@......s@.@.
0x0098e8e8: a4f0285a 015acd5f 0098ebc8 00000002 Z(.._.Z.........
0x0098e8f8: 00005dff 00000000 000000b8 000007f4 .]..............
0x0098e908: 000007f8 000000b8 f615ce89 73adf7a4 ...............s
0x0098e918: 0098ebc8 0098f1e0 00400040 a4f0285a ........@.@.Z(..
0x0098e928: 0098e8e8 0098e964 0098f1e0 73bbff90 ....d..........s
0x0098e938: d7a0c602 fffffffe 0098e964 73b710cc ........d......s
0x0098e948: 0da35d50 10392b58 0098ebc8 00000000 P]..X+9.........
0x0098e958: 015acd5f ffffffff a4f0287e 0098ea24 _.Z.....~(..$...
0x0098e968: 73b5e641 0098e9b0 00000002 0098e9a8 A..s............
0x0098e978: 0da35d50 00a14230 0db9e380 0da35d50 P]..0B......P]..
0x0098e988: 00000000 0da35d50 00000002 103908a4 ....P]........9.
0x0098e998: 00000000 0098ecf4 00000000 10392b58 ............X+9.
0x0098e9a8: ffffffff 0098ebc8 000007f4 000007f8 ................
0x0098e9b8: 73b660b8 00000000 00000000 00000000 .`.s............
0x0098e9c8: 00000000 11d22e00 00000000 00000000 ................
0x0098e9d8: 00000000 00000000 00000000 00000000 ................
0x0098e9e8: 00000000 00000000 00000000 00000000 ................
0x0098e9f8: 00000000 00000000 00000000 00000000 ................
0x0098ea08: 00000000 423ec01e 11d22e35 100004b6 ......>B5.......
0x0098ea18: fd3e704b a4f0289e 00000000 0098eb38 Kp>..(......8...
0x0098ea28: 73b6fbf6 103908a4 73b6fa50 0098ecf4 ...s..9.P..s....
0x0098ea38: 0da35d50 106685d8 0098eccc 76b4dad2 P]....f........v
0x0098ea48: 0098ecf4 00000000 0098ecf4 73ab4918 .............I.s
0x0098ea58: 00000000 00000000 015acd20 00000000 ........ .Z.....
0x0098ea68: 1066867c ffffffff ffffffff 00000000 |.f.............
0x0098ea78: 00000000 00000000 10668684 76b4f640 ..........f.@..v
0x0098ea88: 00000000 072dede8 423ec01e 11d22e35 ......-...>B5...
0x0098ea98: 100004b6 fd3e704b 00001008 00a381f8 ....Kp>.........
0x0098eaa8: 60e0701e 0098eb4c 76b4c03d 072dedd0 .p.`L...=..v..-.
0x0098eab8: 00000000 10668568 106684b0 00000000 ....h.f...f.....
0x0098eac8: 106685d8 106684b0 00000000 0098eb4c ..f...f.....L...
0x0098ead8: 76b4c0a8 106685d8 0098eafc 7700ae10 ...v..f........w
0x0098eae8: 770dd538 00001008 00000003 00a2b700 8..w............
0x0098eaf8: 00a381f8 0098eb04 00000003 76d716e0 ...............v
0x0098eb08: 0098eb24 7469103a 00000003 00000000 $...:.it........
0x0098eb18: 00a14230 74691046 d59a2fde 0098eb5c 0B..F.it./..\...
0x0098eb28: 74690fe0 74690fc7 d59a2fa6 a4f02b26 ..it..it./..&+..
0x0098eb38: 0098eca8 73b6f4df 0098ecf4 0098eccc .......s........
0x0098eb48: 0da35d50 0098ede0 0098ecf4 a170eeea P]............p.
0x0098eb58: 00000000 0098ecf4 0098eccc 00000000 ................
0x0098eb68: 00a14230 00000000 73b656e3 1070fdb0 0B.......V.s..p.
0x0098eb78: 00000000 00000030 0da35d50 00a14230 ....0...P]..0B..
0x0098eb88: 73b657f1 0098ecf4 69ee74e8 00000001 .W.s.....t.i....
0x0098eb98: 00000000 0da19760 00a14230 00000000 ....`...0B......
0x0098eba8: 00000000 103908a4 00000000 73b70170 ......9.....p..s
0x0098ebb8: 1070fda8 00000000 00000040 00000000 ..p.....@.......
0x0098ebc8: 73ab4b7c 01000000 00000000 00000000 |K.s............
0x0098ebd8: 00000000 00000000 80010115 00000000 ................
0x0098ebe8: 00000000 00000000 00000000 73bcb760 ............`..s
0x0098ebf8: 00000000 00000000 00005dff a0594de9 .........]...MY.
0x0098ec08: 4ce6acd7 382658bc 401caf7c 00000000 ...L.X&8|..@....
0x0098ec18: 00000000 0098ecf4 015acd20 0000003f ........ .Z.?...
0x0098ec28: 00000000 00000000 00000000 1064a540 ............@.d.
0x0098ec38: 00000000 00000000 00000000 00000000 ................
0x0098ec48: 00000000 10000bb6 fd3e704b a4f02d5e ........Kp>.^-..
0x0098ec58: 0098ec78 0098ebb8 00000000 00000000 x...............
0x0098ec68: 00000000 00000000 00000000 00000000 ................
0x0098ec78: 00000000 00000000 00000000 00000000 ................
0x0098ec88: 76b25ae7 423ec01e 11d22e35 100004b6 .Z.v..>B5.......
0x0098ec98: fd3e704b a4f02a66 00000000 a4f02a4e Kp>.f*......N*..
0x0098eca8: 0098ecd4 73ad3015 0098ecf4 0098eccc .....0.s........
0x0098ecb8: 0098f234 0098ef20 73ad2f40 0da35d50 4... ...@/.sP]..
0x0098ecc8: 0098ecf4 00000000 a4f02dce 0098f1f0 .........-......
0x0098ecd8: 76b25a9a 106c7654 0098ede0 60e06b42 .Z.vTvl.....Bk.`
0x0098ece8: 73bc2770 0098f228 105f9f6c 0da35d50 p'.s(...l._.P]..
0x0098ecf8: 00000010 00000000 00000018 00008003 ................
0x0098ed08: 00000000 072dedd0 00000000 00000000 ......-.........
0x0098ed18: 00000000 00000000 105f9f0c 00000000 .........._.....
0x0098ed28: 00000000 00675000 00000000 00000000 .....Pg.........
0x0098ed38: 00000000 00000000 00a0ce10 0098edc0 ................
0x0098ed48: 00000000 00000000 00000000 73abafc8 ...............s
0x0098ed58: 00000000 0098ede0 0098ede0 00000000 ................
0x0098ed68: 69ee68d4 0098ede0 0098f234 00000000 .h.i....4.......
0x0098ed78: 00675000 0098ee00 00000000 0098ede0 .Pg.............
0x0098ed88: 00000000 1070fdd4 1070fd80 00000000 ......p...p.....
0x0098ed98: 00a0ce10 00000000 00000000 00000000 ................
0x0098eda8: 00000000 73abafc8 00000000 00000000 .......s........
0x0098edb8: 00000007 00000000 00a0ce10 00000000 ................
0x0098edc8: 00000000 00000000 69ee9920 69ee9850 ........ ..iP..i
0x0098edd8: 00000000 00000001 0098ecf4 1070fe00 ..............p.
0x0098ede8: 00000000 00000000 1070fde8 00000054 ..........p.T...
0x0098edf8: 00000000 00000000 00000001 00000000 ................
0x0098ee08: 00000000 00000000 00000000 00000000 ................
0x0098ee18: 00000002 00000000 00000000 00000000 ................
0x0098ee28: 69ee9920 69ee9850 0098f228 00000000  ..iP..i(.......
0x0098ee38: 00000000 00000000 69ee18d8 00000000 ...........i....
0x0098ee48: 00000000 00000000 00000140 00000000 ........@.......
0x0098ee58: 00000000 00000000 00000000 00afe2b0 ................
0x0098ee68: 00000000 00000000 00000000 00000000 ................
0x0098ee78: 00000000 00000003 0098dca0 00000000 ................
0x0098ee88: 0098efc8 0098f228 00000000 00000000 ....(...........
0x0098ee98: 00000000 00000000 00000000 0098ef20 ............ ...
0x0098eea8: 00000000 00000000 00000000 00000000 ................
0x0098eeb8: 00000000 0098ed88 00000003 00000060 ............`...
0x0098eec8: 00a0ce4c 0000006c 00000001 00000000 L...l...........
0x0098eed8: 69ee672a 69ee503a 0098f1d0 0098f234 *g.i:P.i....4...
0x0098eee8: 00000000 69ee502c 00000000 76b3f540 ....,P.i....@..v
0x0098eef8: 00000000 0098ef20 00000000 00000000 .... ...........
0x0098ef08: 106c7654 00000000 69ee4ff8 0098ede0 Tvl......O.i....
0x0098ef18: 00000003 00000010 8a885d04 0000006c .........]..l...
0x0098ef28: 69ee4fea 69ee4fe0 00000007 69ee4ff8 .O.i.O.i.....O.i
0x0098ef38: 0098f228 00000233 00000000 69ee4fea (...3........O.i
0x0098ef48: 69ee672a 00000022 00000000 00000000 *g.i"...........
0x0098ef58: 00000000 00000001 00000020 00000000 ........ .......
0x0098ef68: 00000000 00000000 00000000 76b62340 ............@#.v
0x0098ef78: 00000000 00000000 00000000 00000000 ................
0x0098ef88: 76b5f2b0 76b5f3a0 00000000 00000000 ...v...v........
0x0098ef98: 00000000 00000000 00000000 00000000 ................
0x0098efa8: 00000000 00000000 00000000 0098f158 ............X...
0x0098efb8: 0098efb8 0098efb8 00000068 80004002 ........h....@..
0x0098efc8: 0098efc8 0098efc8 00000017 00000000 ................
0x0098efd8: 0098efd8 0098efd8 000001f8 b27217b1 ..............r.
0x0098efe8: 0098f2f8 105f9f68 69ee488c 0098f200 ....h._..H.i....
0x0098eff8: 76b225fc 0098ec80 0098edc0 10413e9c .%.v.........>A.
0x0098f008: 00000000 00000000 00000000 106c76e0 .............vl.
0x0098f018: 106c76e4 0098f084 00afe8b0 0098f174 .vl.........t...
0x0098f028: 0db9e380 00000000 73b55f37 73bcb760 ........7_.s`..s
0x0098f038: 0db896c0 106c7158 106c7648 00000064 ....Xql.Hvl.d...
0x0098f048: 0098f07c 77017a71 00a00000 106c7648 |...qz.w....Hvl.
0x0098f058: 106c7650 76b5e8f9 60e06ad6 0098f0b0 Pvl....v.j.`....
0x0098f068: 73b5388a 106c7158 0013001b 00000011 .8.sXql.........
0x0098f078: 0db896c0 0098f0a0 7701799d 0098f174 .........y.wt...
0x0098f088: 0098f140 73b4fa20 00000000 0098f174 @... ..s....t...
0x0098f098: 10413e9c 73ae3962 73c87098 0098f0b4 .>A.b9.s.p.s....
0x0098f0a8: 73b70377 73c870ac 00000000 0098f108 w..s.p.s........
0x0098f0b8: 73b51310 73adf694 00001588 a468c11a ...s...s......h.
0x0098f0c8: 0098f16c 10413e9c 73b51320 00000001 l....>A. ..s....
0x0098f0d8: 106c7688 0098f16c 0098f170 0098f174 .vl.l...p...t...
0x0098f0e8: 00000000 0098f184 106c7680 00000000 .........vl.....
0x0098f0f8: 00000000 10413e9c 00000000 7703f9ec .....>A........w
0x0098f108: 76ad9980 00a0f868 00000010 00a0f868 ...vh.......h...
0x0098f118: 00000000 0098f178 76ad976f 00a0f8d0 ....x...o..v....
0x0098f128: 00000010 0098f1fc 76ad977f 00000000 ...........v....
0x0098f138: 00a0f8c0 0098f20c 00000010 00000000 ................
0x0098f148: 00980001 0098f198 00a0f8d0 106c7650 ............Pvl.
0x0098f158: 00afe3d0 00000000 0098f168 0098f16c ........h...l...
0x0098f168: 73b56b6a 106c76e4 73b55820 105f9f1c jk.s.vl. X.s.._.
0x0098f178: 73bcb860 73b55888 10413e98 00000001 `..s.X.s.>A.....
0x0098f188: 105f9ee0 0098f1fc 00000000 fffffffe .._.............
0x0098f198: 00000001 00000002 a4f030be 0098f1b8 .........0......
0x0098f1a8: 73ad135f 10413f3c 73ad136a a4f030a2 _..s<?A.j..s.0..
0x0098f1b8: 0098f1cc 76b5e93e 106c76e4 76b5e949 ....>..v.vl.I..v
0x0098f1c8: 60e06b7e 0098f21c 69e4414e 60e06b42 ~k.`....NA.iBk.`
0x0098f1d8: 0098ece4 0098f308 0098f278 76b64aa0 ........x....J.v
0x0098f1e8: 16c43a92 00000001 0098f210 73ad3a90 .:...........:.s
0x0098f1f8: 69ee18d8 69ee4fe0 0098f228 0098f30c ...i.O.i(.......
0x0098f208: 105f9f68 00000020 0098f220 73bc275f h._. ... ..._'.s
0x0098f218: 0098f228 00000003 0098f284 69e39653 (...........S..i
0x0098f228: 106c7654 105f9f0c ffffffff 00000001 Tvl..._.........
0x0098f238: 0098f30c 0098f26c 0098f270 f04d8748 ....l...p...H.M.
0x0098f248: 03a7ab08 01c0db34 00000000 038ab610 ....4...........
0x0098f258: 0098f270 00f75c2f 03a7ab00 03a7ab00 p.../\..........
0x0098f268: 01e5a000 00000000 00000000 f04d8748 ............H.M.
0x0098f278: 0098f92c 69e47b58 ffffffff 0098f2fc ,...X{.i........
0x0098f288: 00f85e9f 105f9f68 ffffffff 00000001 .^..h._.........
0x0098f298: 0098f308 0098f30c 00000010 00000010 ................
0x0098f2a8: 00000000 00e6fd04 03ab7450 0098f334 ........Pt..4...
0x0098f2b8: 0000000a 00000017 0098f334 0000000d ........4.......
0x0098f2c8: 03ab7450 0098f334 0098f2bc 0098f334 Pt..4.......4...
0x0098f2d8: 00000017 0098f2fc 00e7f3f4 00000000 ................
0x0098f2e8: 00000000 00000000 00000010 072dea50 ............P.-.
0x0098f2f8: 105f9f68 0098f354 00f86137 0098f318 h._.T...7a......
0x0098f308: 00000000 00000000 04828170 00000000 ........p.......
0x0098f318: 33373433 32363733 31313430 00000034 3473376204114...
0x0098f328: 0000000d 0000000f 03aa8a60 03ab7450 ........`...Pt..
0x0098f338: 31343630 00003035 00f77042 00000017 064150..Bp......
0x0098f348: 0000001f 0098f448 072dea50 0098f448 ....H...P.-.H...
0x0098f358: 01464975 00000010 04828170 00000000 uIF.....p.......
0x0098f368: 0098f380 00f75845 03aaa8f0 00000010 ....EX..........
0x0098f378: 00000010 01e5a000 0098f3b8 342e3575 ............u5.4
0x0098f388: 3166332e 00000000 0000002f 00000008 .3f1..../.......
0x0098f398: 0000000f 00000000 03aa8a60 00f77982 ........`....y..
0x0098f3a8: 00000030 00000010 00000020 0000002f 0....... .../...
0x0098f3b8: 0098f3d8 646e6957 5073776f 6579616c ....WindowsPlaye
0x0098f3c8: 00000072 0000000d 0000000f 0000004b r...........K...
0x0098f3d8: 03aa8a60 00e6f6e9 00000030 00000010 `.......0.......
0x0098f3e8: 00000020 0000002f 01bf7da8 0000004b  .../....}..K...
0x0098f3f8: 0098f42c 00e6fca6 00000030 00000000 ,.......0.......
0x0098f408: 00000024 04828180 342e3500 3166332e $........5.4.3f1
0x0098f418: 04828100 0098f408 00000000 0000000f ................
0x0098f428: 0098f448 03aa8a00 03aaa8f0 03aaa9e0 H...............
0x0098f438: 00000024 00000000 0000000f 00000000 $...............
0x0098f448: 0098f450 01463cda 0098f460 014644f7 P....<F.`....DF.
0x0098f458: 00000001 04828170 0098f4d4 014660cb ....p........`F.
0x0098f468: 0098f478 00000001 04828170 0002f61c x.......p.......
0x0098f478: 03aaa9e0 04828118 00000000 01de9548 ............H...
0x0098f488: 00000024 0000002f 0111f700 00000000 $.../...........
0x0098f498: 00000000 00000005 00000000 00000000 ................
0x0098f4a8: 0000000f 99a9a7d4 00000100 00000000 ................
0x0098f4b8: 0098f52d 00000010 00000000 0000000f -...............
0x0098f4c8: 01de9624 04828170 0098f4e4 0098f4e4 $...p...........
0x0098f4d8: 01466195 00000000 01e13670 0098f500 .aF.....p6......
0x0098f4e8: 0146620f 00000001 7dbbdebd 7dbbdebd .bF........}...}
0x0098f4f8: 0002f61c 00000000 0098f534 01462c75 ........4...u,F.
0x0098f508: 04828170 00000001 7dbbdebd 7dbbdebd p..........}...}
0x0098f518: 0002f61c 00000000 01c9c06d 04828118 ........m.......
0x0098f528: 00000000 01e13670 00000000 0098f59c ....p6..........
0x0098f538: 01463964 00000001 7dbbdebd 7dbbdebd d9F........}...}
0x0098f548: 0002f61c 00000000 00000002 00000003 ................
0x0098f558: 01e10350 03aaa800 03ab7430 03a8e3b0 P.......0t......
0x0098f568: 0098f5d8 00000000 0000000f 00000002 ................
0x0098f578: 03aaa8f0 0098f56c 0098f92c 00000000 ....l...,.......
0x0098f588: 00000024 0000002f 0098f5ac 99adb1d9 $.../...........
0x0098f598: 00000000 0098f5a8 01463aba 00000001 .........:F.....
0x0098f5a8: 0098f5d0 010afe60 04828118 ffffffbc ....`...........
0x0098f5b8: 041da1f0 00000002 041da1f0 03a8ba01 ................
0x0098f5c8: 041da160 01e1032c 0098f638 010b0b8f `...,...8.......
0x0098f5d8: ffffffbc 041da1f0 00000002 03a8ba40 ............@...
0x0098f5e8: 041da160 03a8ba01 03ab72d0 03ab72d0 `........r...r..
0x0098f5f8: 00000000 041da1b4 0098f614 03ab72f0 .............r..
0x0098f608: 00000000 03ab72d0 00000000 0098f624 .....r......$...
0x0098f618: 00f76fb0 03ab72d0 00000008 0098f65c .o...r......\...
0x0098f628: 00e78d80 03ab72d0 041da160 041da160 .....r..`...`...
0x0098f638: 0098f65c 010b0d4f 03a8ba40 041da160 \...O...@...`...
0x0098f648: 010afa5a 00000010 03a8ba40 00000001 Z.......@.......
0x0098f658: 03a8ba40 0098f67c 010afaea 00000002 @...|...........
0x0098f668: 7fffffff 00000010 041da160 00000000 ........`.......
0x0098f678: 00000001 0098f68c 00f585f1 0000000f ................
0x0098f688: 041f0550 0098f720 0108ba4c 0098f6b8 P... ...L.......
0x0098f698: 0098f6d4 0098f6f0 0098f70c 00000000 ................
0x0098f6a8: 00000002 74382480 74376760 00000004 .....$8t`g7t....
0x0098f6b8: 03ab7370 0098f6f4 00ee18f4 0098f6f4 ps..............
0x0098f6c8: 00000014 0000001f 01e17bcc 6576656c .........{..leve
0x0098f6d8: 0000306c 00000000 00000000 00000006 l0..............
0x0098f6e8: 0000000f 00000000 03ab7350 0098f710 ........Ps......
0x0098f6f8: 00eae606 03ab7370 00000014 0000001f ....ps..........
0x0098f708: 00000000 00000000 00000000 00000000 ................
0x0098f718: 00000000 74376760 0098f75c 0108baf2 ....`g7t\.......
0x0098f728: 00000000 01122322 01122469 00000000 ...."#..i$......
0x0098f738: 00000001 00070df8 00000113 00000001 ................
0x0098f748: 00000000 015acb9a 000003ba 0000004e ......Z.....N...
0x0098f758: 00000748 0098f894 01124bde 0153631b H........K...cS.
0x0098f768: 00000000 00672000 03a6f850 01c0003f ..... g.P...?...
0x0098f778: 000001ff 00000000 00000038 0000003f ........8...?...
0x0098f788: 00001fff 03a6f810 7fffffff 03a521d8 .............!..
0x0098f798: 01d2d3e0 0000003d 0000003f 01554cc5 ....=...?....LU.
0x0098f7a8: 03a521d8 01d2d3e0 00000010 00000010 .!..............
0x0098f7b8: 7fffffff 00000000 01de9548 03a51d80 ........H.......
0x0098f7c8: 00000010 0098f700 0098f800 01551985 ..............U.
0x0098f7d8: 03a521d8 01d2d3e0 03a6fa10 0098f7f0 .!..............
0x0098f7e8: 7fffffff 00000000 0000003e 0000003f ........>...?...
0x0098f7f8: 03a505a8 03a73670 0098f830 01542e6e ....p6..0...n.T.
0x0098f808: 03a521d8 0000002f 0000002f 0098f750 .!../.../...P...
0x0098f818: 616e614d 00646567 6c65746e 00000000 Managed.ntel....
0x0098f828: 00000007 0000000f 0098f83c 03a6f890 ........<.......
0x0098f838: 03a6f8c8 03a6f8c8 0000000d 038aa040 ............@...
0x0098f848: 65646900 646e6957 6c00776f 0098006c .ideWindow.ll...
0x0098f858: 00000000 0000000f 00000000 00000000 ................
0x0098f868: 65726100 5748746e 0100444e 00a04f47 .arentHWND..GO..
0x0098f878: 00000000 0000000f 00000000 038aa040 ............@...
0x0098f888: 038aa080 00000000 00100801 0098f8ac ................
0x0098f898: 01506608 00e60000 00000000 00a04f49 .fP.........IO..
0x0098f8a8: 00000001 0098f93c 015362c8 00e60000 ....<....bS.....
0x0098f8b8: 00000000 00a04f49 00000001 0112861a ....IO..........
0x0098f8c8: 0153631b 0153631b 00672000 00000044 .cS..cS.. g.D...
0x0098f8d8: 00a02a8c 00a02a6c 00a02a0e 00000000 .*..l*...*......
0x0098f8e8: 00000000 00000000 00000000 00000000 ................
0x0098f8f8: 00000000 00000000 00000401 00000001 ................
0x0098f908: 00000000 00000000 00010001 00000000 ................
0x0098f918: 0098f928 0153631b 00000000 0098f8c4 (....cS.........
0x0098f928: e331e84c 0098f988 01537c40 0053afc6 L.1.....@|S...S.
0x0098f938: 00000000 0098f950 75dc62c4 00672000 ....P....b.u. g.
0x0098f948: 75dc62a0 7df028e8 0098f998 77030719 .b.u.(.}.......w
0x0098f958: 00672000 6cdcad00 00000000 00000000 . g....l........
0x0098f968: 00672000 00000000 00000000 00000000 . g.............
0x0098f978: 00000000 6cdcad00 0098f95c 00000000 .......l\.......
0x0098f988: 0098f9a0 77045ef0 1b482930 00000000 .....^.w0)H.....
0x0098f998: 0098f9a8 770306e4 ffffffff 77052614 .......w.....&.w
0x0098f9a8: 00000000 00000000 0153631b 00672000 .........cS.. g.
0x0098f9b8: 00000000 00000000 00000000 00000000 ................
0x0098f9c8: 00000000 00000000 00000000 00000000 ................
0x0098f9d8: 00000000 00000000 00000000 00000000 ................
0x0098f9e8: 00000000 00000000 00000000 00000000 ................
0x0098f9f8: 00000000 00000000 00000000 00000000 ................
0x0098fa08: 00000000 00000000 00000000 00000000 ................
0x0098fa18: 00000000 00000000 00000000 00000000 ................
0x0098fa28: 00000000 00000000 00000000 00000000 ................
0x0098fa38: 00000000 00000000 00000000 00000000 ................
0x0098fa48: 00000000 00000000 00000000 00000000 ................
0x0098fa58: 00000000 00000000 00000000 00000000 ................
0x0098fa68: 00000000 00000000 00000000 00000000 ................
0x0098fa78: 00000000 00000000 00000000 00000000 ................
0x0098fa88: 00000000 00000000 00000000 00000000 ................
0x0098fa98: 00000000 00000000 00000000 00000000 ................
0x0098faa8: 00000000 00000000 00000000 00000000 ................
0x0098fab8: 00000000 00000000 00000000 00000000 ................
0x0098fac8: 00000000 00000000 00000000 00000000 ................
0x0098fad8: 00000000 00000000 00000000 00000000 ................
0x0098fae8: 00000000 00000000 00000000 00000000 ................
0x0098faf8: 00000000 00000000 00000000 00000000 ................
0x0098fb08: 00000000 00000000 00000000 00000000 ................
0x0098fb18: 00000000 00000000 00000000 00000000 ................
0x0098fb28: 00000000 00000000 00000000 00000000 ................
0x0098fb38: 00000000 00000000 00000000 00000000 ................
0x0098fb48: 00000000 00000000 00000000 00000000 ................
0x0098fb58: 00000000 00000000 00000000 00000000 ................
0x0098fb68: 00000000 00000000 00000000 00000000 ................
0x0098fb78: 00000000 00000000 00000000 00000000 ................
0x0098fb88: 00000000 00000000 00000000 00000000 ................
0x0098fb98: 00000000 00000000 00000000 00000000 ................
0x0098fba8: 00000000 00000000 00000000 00000000 ................
0x0098fbb8: 00000000 00000000 00000000 00000000 ................
0x0098fbc8: 00000000 00000000 00000000 00000000 ................
0x0098fbd8: 00000000 00000000 00000000 00000000 ................
0x0098fbe8: 00000000 00000000 00000000 00000000 ................
0x0098fbf8: 00000000 00000000 00000000 00000000 ................
0x0098fc08: 00000000 00000000 00000000 00000000 ................
0x0098fc18: 00000000 00000000 00000000 00000000 ................
0x0098fc28: 00000000 00000000 00000000 00000000 ................
0x0098fc38: 00000000 00000000 00000000 00000000 ................
0x0098fc48: 00000000 00000000 00000000 00000000 ................
0x0098fc58: 00000000 00000000 00000000 00000000 ................
0x0098fc68: 00000000 00000000 00000000 00000000 ................
0x0098fc78: 00000000 00000000 00000000 00000000 ................
0x0098fc88: 00000000 00000000 00000000 00000000 ................
0x0098fc98: 00000000 00000000 00000000 00000000 ................
0x0098fca8: 00000000 00000000 00000000 00000000 ................
0x0098fcb8: 00000000 00000000 00000000 00000000 ................
0x0098fcc8: 00000000 00000000 00000000 00000000 ................
0x0098fcd8: 00000000 00000000 00000000 00000000 ................
0x0098fce8: 00000000 00000000 00000000 00000000 ................
0x0098fcf8: 00000000 00000000 00000000 00000000 ................
0x0098fd08: 00000000 00000000 00000000 00000000 ................
0x0098fd18: 00000000 00000000 00000000 00000000 ................
0x0098fd28: 00000000 00000000 00000000 00000000 ................
0x0098fd38: 00000000 00000000 00000000 00000000 ................
0x0098fd48: 00000000 00000000 00000000 00000000 ................
0x0098fd58: 00000000 00000000 00000000 00000000 ................
0x0098fd68: 00000000 00000000 00000000 00000000 ................
0x0098fd78: 00000000 00000000 00000000 00000000 ................
0x0098fd88: 00000000 00000000 00000000 00000000 ................
0x0098fd98: 00000000 00000000 00000000 00000000 ................
0x0098fda8: 00000000 00000000 00000000 00000000 ................
0x0098fdb8: 00000000 00000000 00000000 00000000 ................
0x0098fdc8: 00000000 00000000 00000000 00000000 ................
0x0098fdd8: 00000000 00000000 00000000 00000000 ................
0x0098fde8: 00000000 00000000 00000000 00000000 ................
0x0098fdf8: 00000000 00000000 00000000 00000000 ................
0x0098fe08: 00000000 00000000 00000000 00000000 ................
0x0098fe18: 00000000 00000000 00000000 00000000 ................
0x0098fe28: 00000000 00000000 00000000 00000000 ................
0x0098fe38: 00000000 00000000 00000000 00000000 ................
0x0098fe48: 00000000 00000000 00000000 00000000 ................
0x0098fe58: 00000000 00000000 00000000 00000000 ................
0x0098fe68: 00000000 00000000 00000000 00000000 ................
0x0098fe78: 00000000 00000000 00000000 00000000 ................
0x0098fe88: 00000000 00000000 00000000 00000000 ................
0x0098fe98: 00000000 00000000 00000000 00000000 ................
0x0098fea8: 00000000 00000000 00000000 00000000 ................
0x0098feb8: 00000000 00000000 00000000 00000000 ................
0x0098fec8: 00000000 00000000 00000000 00000000 ................
0x0098fed8: 00000000 00000000 00000000 00000000 ................
0x0098fee8: 00000000 00000000 00000000 00000000 ................
0x0098fef8: 00000000 00000000 00000000 00000000 ................
0x0098ff08: 00000000 00000000 00000000 00000000 ................
0x0098ff18: 00000000 00000000 00000000 00000000 ................
0x0098ff28: 00000000 00000000 00000000 00000000 ................
0x0098ff38: 00000000 00000000 00000000 00000000 ................
0x0098ff48: 00000000 00000000 00000000 00000000 ................
0x0098ff58: 00000000 00000000 00000000 00000000 ................
0x0098ff68: 00000000 00000000 00000000 00000000 ................
0x0098ff78: 00000000 00000000 00000000 00000000 ................
0x0098ff88: 00000000 00000000 00000000 00000000 ................
0x0098ff98: 00000000 00000000 00000000 00000000 ................
0x0098ffa8: 00000000 00000000 00000000 00000000 ................
0x0098ffb8: 00000000 00000000 00000000 00000000 ................
0x0098ffc8: 00000000 00000000 00000000 00000000 ................
0x0098ffd8: 00000000 00000000 00000000 00000000 ................
0x0098ffe8: 00000000 00000000 00000000 00000000 ................
0x0098fff8: 00000000 00000000                   ........

Module 1
C:\WINDOWS\SYSTEM32\xinput1_3.dll
Image Base: 0x00400000  Image Size: 0x00016000
File Size:  81768       File Time:  2007-04-04_185342
Version:
   Company:    Microsoft Corporation
   Product:    Microsoft® DirectX for Windows®
   FileDesc:   Microsoft Common Controller API
   FileVer:    9.18.944.0
   ProdVer:    9.18.944.0

Module 2
C:\4th Year\Capstone\ServerSet\networkTest.exe
Image Base: 0x00e60000  Image Size: 0x01193000
File Size:  17577472    File Time:  2016-11-09_074848
Version:
   Company:    
   Product:    
   FileDesc:   
   FileVer:    5.4.3.62657
   ProdVer:    5.4.3.62657

Module 3
C:\4th Year\Capstone\ServerSet\networkTest_Data\Mono\mono.dll
Image Base: 0x10000000  Image Size: 0x00231000
File Size:  2114520     File Time:  2016-11-09_075640
Version:
   Company:    Unity Technologies
   Product:    libmono
   FileDesc:   Unity Technologies fork of mono runtime
   FileVer:    1.0.0.1
   ProdVer:    1.0.0.1

Module 4
C:\WINDOWS\System32\DriverStore\FileRepository\nvlti.inf_amd64_37b47f49d2675149\nvwgf2um.dll
Image Base: 0x61700000  Image Size: 0x0133e000
File Size:  20232240    File Time:  2016-09-16_194530
Version:
   Company:    NVIDIA Corporation
   Product:    NVIDIA D3D10 drivers
   FileDesc:   NVIDIA D3D10 Driver, Version 372.90 
   FileVer:    21.21.13.7290
   ProdVer:    21.21.13.7290

Module 5
C:\WINDOWS\System32\PROPSYS.dll
Image Base: 0x69650000  Image Size: 0x0014f000
File Size:  1375456     File Time:  2016-07-16_064256
Version:
   Company:    Microsoft Corporation
   Product:    Windows® Search
   FileDesc:   Microsoft Property System
   FileVer:    7.0.14393.0
   ProdVer:    7.0.14393.0

Module 6
C:\WINDOWS\SYSTEM32\HID.DLL
Image Base: 0x69aa0000  Image Size: 0x0000a000
File Size:  25600       File Time:  2016-07-16_064250
Version:
   Company:    Microsoft Corporation
   Product:    Microsoft® Windows® Operating System
   FileDesc:   Hid User Library
   FileVer:    10.0.14393.0
   ProdVer:    10.0.14393.0

Module 7
C:\WINDOWS\SYSTEM32\midimap.dll
Image Base: 0x69ab0000  Image Size: 0x00008000
File Size:  18944       File Time:  2016-07-16_064250
Version:
   Company:    Microsoft Corporation
   Product:    Microsoft® Windows® Operating System
   FileDesc:   Microsoft MIDI Mapper
   FileVer:    10.0.14393.0
   ProdVer:    10.0.14393.0

Module 8
C:\WINDOWS\SYSTEM32\MSACM32.dll
Image Base: 0x69ac0000  Image Size: 0x00018000
File Size:  90912       File Time:  2016-07-16_064250
Version:
   Company:    Microsoft Corporation
   Product:    Microsoft® Windows® Operating System
   FileDesc:   Microsoft ACM Audio Filter
   FileVer:    10.0.14393.0
   ProdVer:    10.0.14393.0

Module 9
C:\WINDOWS\SYSTEM32\msacm32.drv
Image Base: 0x69b10000  Image Size: 0x0000a000
File Size:  24576       File Time:  2016-07-16_064250
Version:
   Company:    Microsoft Corporation
   Product:    Microsoft® Windows® Operating System
   FileDesc:   Microsoft Sound Mapper
   FileVer:    10.0.14393.0
   ProdVer:    10.0.14393.0

Module 10
C:\WINDOWS\SYSTEM32\wdmaud.drv
Image Base: 0x69b20000  Image Size: 0x00039000
File Size:  207360      File Time:  2016-07-16_064250
Version:
   Company:    Microsoft Corporation
   Product:    Microsoft® Windows® Operating System
   FileDesc:   Winmm  audio system driver
   FileVer:    10.0.14393.0
   ProdVer:    10.0.14393.0

Module 11
C:\WINDOWS\system32\wbem\fastprox.dll
Image Base: 0x69e10000  Image Size: 0x000c2000
File Size:  779776      File Time:  2016-07-16_064258
Version:
   Company:    Microsoft Corporation
   Product:    Microsoft® Windows® Operating System
   FileDesc:   WMI Custom Marshaller
   FileVer:    10.0.14393.0
   ProdVer:    10.0.14393.0

Module 12
C:\WINDOWS\system32\wbem\wbemsvc.dll
Image Base: 0x69ee0000  Image Size: 0x00010000
File Size:  48640       File Time:  2016-07-16_064258
Version:
   Company:    Microsoft Corporation
   Product:    Microsoft® Windows® Operating System
   FileDesc:   WMI
   FileVer:    10.0.14393.0
   ProdVer:    10.0.14393.0

Module 13
C:\WINDOWS\SYSTEM32\wbemcomn.dll
Image Base: 0x69ef0000  Image Size: 0x00067000
File Size:  391168      File Time:  2016-07-16_064258
Version:
   Company:    Microsoft Corporation
   Product:    Microsoft® Windows® Operating System
   FileDesc:   WMI
   FileVer:    10.0.14393.0
   ProdVer:    10.0.14393.0

Module 14
C:\WINDOWS\System32\MMDevApi.dll
Image Base: 0x69f60000  Image Size: 0x00058000
File Size:  352768      File Time:  2016-07-16_064250
Version:
   Company:    Microsoft Corporation
   Product:    Microsoft® Windows® Operating System
   FileDesc:   MMDevice API
   FileVer:    10.0.14393.0
   ProdVer:    10.0.14393.0

Module 15
C:\WINDOWS\SYSTEM32\AUDIOSES.DLL
Image Base: 0x69fc0000  Image Size: 0x0007b000
File Size:  484584      File Time:  2016-11-02_070138
Version:
   Company:    Microsoft Corporation
   Product:    Microsoft® Windows® Operating System
   FileDesc:   Audio Session
   FileVer:    10.0.14393.447
   ProdVer:    10.0.14393.447

Module 16
C:\WINDOWS\SYSTEM32\dxgi.dll
Image Base: 0x6a350000  Image Size: 0x00084000
File Size:  527880      File Time:  2016-07-16_064250
Version:
   Company:    Microsoft Corporation
   Product:    Microsoft® Windows® Operating System
   FileDesc:   DirectX Graphics Infrastructure
   FileVer:    10.0.14393.0
   ProdVer:    10.0.14393.0

Module 17
C:\WINDOWS\SYSTEM32\d3d11.dll
Image Base: 0x6a500000  Image Size: 0x0022f000
File Size:  2276736     File Time:  2016-10-14_232050
Version:
   Company:    Microsoft Corporation
   Product:    Microsoft® Windows® Operating System
   FileDesc:   Direct3D 11 Runtime
   FileVer:    10.0.14393.351
   ProdVer:    10.0.14393.351

Module 18
C:\WINDOWS\SYSTEM32\DDRAW.dll
Image Base: 0x6a980000  Image Size: 0x000ed000
File Size:  548352      File Time:  2016-11-02_054022
Version:
   Company:    Microsoft Corporation
   Product:    Microsoft® Windows® Operating System
   FileDesc:   Microsoft DirectDraw
   FileVer:    10.0.14393.447
   ProdVer:    10.0.14393.447

Module 19
C:\WINDOWS\system32\wbem\wbemprox.dll
Image Base: 0x6c3a0000  Image Size: 0x0000d000
File Size:  35328       File Time:  2016-07-16_064258
Version:
   Company:    Microsoft Corporation
   Product:    Microsoft® Windows® Operating System
   FileDesc:   WMI
   FileVer:    10.0.14393.0
   ProdVer:    10.0.14393.0

Module 20
C:\WINDOWS\SYSTEM32\DCIMAN32.dll
Image Base: 0x6e3e0000  Image Size: 0x00007000
File Size:  11776       File Time:  2016-07-16_064250
Version:
   Company:    Microsoft Corporation
   Product:    Microsoft® Windows® Operating System
   FileDesc:   DCI Manager
   FileVer:    10.0.14393.0
   ProdVer:    10.0.14393.0

Module 21
C:\WINDOWS\SYSTEM32\GLU32.dll
Image Base: 0x6e3f0000  Image Size: 0x00025000
File Size:  141312      File Time:  2016-07-16_064306
Version:
   Company:    Microsoft Corporation
   Product:    Microsoft® Windows® Operating System
   FileDesc:   OpenGL Utility Library DLL
   FileVer:    10.0.14393.0
   ProdVer:    10.0.14393.0

Module 22
C:\WINDOWS\SYSTEM32\OPENGL32.dll
Image Base: 0x6e4a0000  Image Size: 0x000e0000
File Size:  786944      File Time:  2016-07-16_064306
Version:
   Company:    Microsoft Corporation
   Product:    Microsoft® Windows® Operating System
   FileDesc:   OpenGL Client DLL
   FileVer:    10.0.14393.0
   ProdVer:    10.0.14393.0

Module 23
C:\WINDOWS\SYSTEM32\WINMMBASE.dll
Image Base: 0x6e810000  Image Size: 0x00023000
File Size:  131208      File Time:  2016-07-16_064250
Version:
   Company:    Microsoft Corporation
   Product:    Microsoft® Windows® Operating System
   FileDesc:   Base Multimedia Extension API DLL
   FileVer:    10.0.14393.0
   ProdVer:    10.0.14393.0

Module 24
C:\WINDOWS\SYSTEM32\WINMM.dll
Image Base: 0x6e8a0000  Image Size: 0x00024000
File Size:  135376      File Time:  2016-07-16_064250
Version:
   Company:    Microsoft Corporation
   Product:    Microsoft® Windows® Operating System
   FileDesc:   MCI API DLL
   FileVer:    10.0.14393.0
   ProdVer:    10.0.14393.0

Module 25
C:\WINDOWS\SYSTEM32\wintypes.dll
Image Base: 0x6f950000  Image Size: 0x000cf000
File Size:  846560      File Time:  2016-10-14_231810
Version:
   Company:    Microsoft Corporation
   Product:    Microsoft® Windows® Operating System
   FileDesc:   Windows Base Types DLL
   FileVer:    10.0.14393.351
   ProdVer:    10.0.14393.351

Module 26
C:\WINDOWS\WinSxS\x86_microsoft.windows.common-controls_6595b64144ccf1df_6.0.14393.447_none_89c64d28dafea4b9\comctl32.dll
Image Base: 0x6fdb0000  Image Size: 0x0020a000
File Size:  2122080     File Time:  2016-11-02_060450
Version:
   Company:    Microsoft Corporation
   Product:    Microsoft® Windows® Operating System
   FileDesc:   User Experience Controls Library
   FileVer:    6.10.14393.447
   ProdVer:    10.0.14393.447

Module 27
C:\WINDOWS\SYSTEM32\AVRT.dll
Image Base: 0x703d0000  Image Size: 0x00009000
File Size:  29448       File Time:  2016-07-16_064250
Version:
   Company:    Microsoft Corporation
   Product:    Microsoft® Windows® Operating System
   FileDesc:   Multimedia Realtime Runtime
   FileVer:    10.0.14393.0
   ProdVer:    10.0.14393.0

Module 28
C:\WINDOWS\SYSTEM32\ksuser.dll
Image Base: 0x70750000  Image Size: 0x00007000
File Size:  20672       File Time:  2016-07-16_064250
Version:
   Company:    Microsoft Corporation
   Product:    Microsoft® Windows® Operating System
   FileDesc:   User CSA Library
   FileVer:    10.0.14393.0
   ProdVer:    10.0.14393.0

Module 29
C:\Windows\System32\rasadhlp.dll
Image Base: 0x708c0000  Image Size: 0x00008000
File Size:  13312       File Time:  2016-07-16_064302
Version:
   Company:    Microsoft Corporation
   Product:    Microsoft® Windows® Operating System
   FileDesc:   Remote Access AutoDial Helper
   FileVer:    10.0.14393.0
   ProdVer:    10.0.14393.0

Module 30
C:\WINDOWS\System32\fwpuclnt.dll
Image Base: 0x708d0000  Image Size: 0x00049000
File Size:  279040      File Time:  2016-07-16_064256
Version:
   Company:    Microsoft Corporation
   Product:    Microsoft® Windows® Operating System
   FileDesc:   FWP/IPsec User-Mode API
   FileVer:    10.0.14393.0
   ProdVer:    10.0.14393.0

Module 31
C:\WINDOWS\SYSTEM32\DNSAPI.dll
Image Base: 0x70950000  Image Size: 0x0007c000
File Size:  496872      File Time:  2016-09-15_123716
Version:
   Company:    Microsoft Corporation
   Product:    Microsoft® Windows® Operating System
   FileDesc:   DNS Client API DLL
   FileVer:    10.0.14393.206
   ProdVer:    10.0.14393.206

Module 32
C:\WINDOWS\system32\dwmapi.dll
Image Base: 0x70b50000  Image Size: 0x0001f000
File Size:  113504      File Time:  2016-09-15_121352
Version:
   Company:    Microsoft Corporation
   Product:    Microsoft® Windows® Operating System
   FileDesc:   Microsoft Desktop Window Manager API
   FileVer:    10.0.14393.206
   ProdVer:    10.0.14393.206

Module 33
C:\WINDOWS\system32\uxtheme.dll
Image Base: 0x70b70000  Image Size: 0x00075000
File Size:  457728      File Time:  2016-07-16_064306
Version:
   Company:    Microsoft Corporation
   Product:    Microsoft® Windows® Operating System
   FileDesc:   Microsoft UxTheme Library
   FileVer:    10.0.14393.0
   ProdVer:    10.0.14393.0

Module 34
C:\WINDOWS\system32\rsaenh.dll
Image Base: 0x719a0000  Image Size: 0x0002f000
File Size:  184416      File Time:  2016-07-16_064256
Version:
   Company:    Microsoft Corporation
   Product:    Microsoft® Windows® Operating System
   FileDesc:   Microsoft Enhanced Cryptographic Provider
   FileVer:    10.0.14393.0
   ProdVer:    10.0.14393.0

Module 35
C:\WINDOWS\SYSTEM32\CRYPTSP.dll
Image Base: 0x719d0000  Image Size: 0x00013000
File Size:  68720       File Time:  2016-07-16_064256
Version:
   Company:    Microsoft Corporation
   Product:    Microsoft® Windows® Operating System
   FileDesc:   Cryptographic Service Provider API
   FileVer:    10.0.14393.0
   ProdVer:    10.0.14393.0

Module 36
C:\WINDOWS\SYSTEM32\dhcpcsvc.DLL
Image Base: 0x72cb0000  Image Size: 0x00014000
File Size:  63488       File Time:  2016-07-16_064256
Version:
   Company:    Microsoft Corporation
   Product:    Microsoft® Windows® Operating System
   FileDesc:   DHCP Client Service
   FileVer:    10.0.14393.0
   ProdVer:    10.0.14393.0

Module 37
C:\WINDOWS\SYSTEM32\dhcpcsvc6.DLL
Image Base: 0x72cd0000  Image Size: 0x00013000
File Size:  57344       File Time:  2016-07-16_064256
Version:
   Company:    Microsoft Corporation
   Product:    Microsoft® Windows® Operating System
   FileDesc:   DHCPv6 Client
   FileVer:    10.0.14393.0
   ProdVer:    10.0.14393.0

Module 38
C:\WINDOWS\SYSTEM32\dbghelp.dll
Image Base: 0x72e50000  Image Size: 0x00145000
File Size:  1220608     File Time:  2016-07-16_064258
Version:
   Company:    Microsoft
   Product:    Microsoft® Windows® Operating System
   FileDesc:   Windows Image Helper
   FileVer:    10.0.14321.1024
   ProdVer:    10.0.14321.1024

Module 39
C:\WINDOWS\SYSTEM32\MSWSOCK.dll
Image Base: 0x73690000  Image Size: 0x0004e000
File Size:  306016      File Time:  2016-07-16_064256
Version:
   Company:    Microsoft Corporation
   Product:    Microsoft® Windows® Operating System
   FileDesc:   Microsoft Windows Sockets 2.0 Service Provider
   FileVer:    10.0.14393.0
   ProdVer:    10.0.14393.0

Module 40
C:\WINDOWS\SYSTEM32\WINHTTP.dll
Image Base: 0x736e0000  Image Size: 0x000a0000
File Size:  636928      File Time:  2016-10-14_224418
Version:
   Company:    Microsoft Corporation
   Product:    Microsoft® Windows® Operating System
   FileDesc:   Windows HTTP Services
   FileVer:    10.0.14393.351
   ProdVer:    10.0.14393.351

Module 41
C:\WINDOWS\SYSTEM32\IPHLPAPI.DLL
Image Base: 0x73780000  Image Size: 0x0002f000
File Size:  184416      File Time:  2016-07-16_064256
Version:
   Company:    Microsoft Corporation
   Product:    Microsoft® Windows® Operating System
   FileDesc:   IP Helper API
   FileVer:    10.0.14393.0
   ProdVer:    10.0.14393.0

Module 42
C:\WINDOWS\System32\DEVOBJ.dll
Image Base: 0x73980000  Image Size: 0x00022000
File Size:  132232      File Time:  2016-07-16_064256
Version:
   Company:    Microsoft Corporation
   Product:    Microsoft® Windows® Operating System
   FileDesc:   Device Information Set DLL
   FileVer:    10.0.14393.0
   ProdVer:    10.0.14393.0

Module 43
C:\WINDOWS\SYSTEM32\ntmarta.dll
Image Base: 0x739b0000  Image Size: 0x00028000
File Size:  154432      File Time:  2016-07-16_064256
Version:
   Company:    Microsoft Corporation
   Product:    Microsoft® Windows® Operating System
   FileDesc:   Windows NT MARTA provider
   FileVer:    10.0.14393.0
   ProdVer:    10.0.14393.0

Module 44
C:\WINDOWS\SYSTEM32\bcrypt.dll
Image Base: 0x739e0000  Image Size: 0x0001b000
File Size:  106896      File Time:  2016-07-16_064256
Version:
   Company:    Microsoft Corporation
   Product:    Microsoft® Windows® Operating System
   FileDesc:   Windows Cryptographic Primitives Library
   FileVer:    10.0.14393.0
   ProdVer:    10.0.14393.0

Module 45
C:\WINDOWS\SYSTEM32\VERSION.dll
Image Base: 0x73a70000  Image Size: 0x00008000
File Size:  27360       File Time:  2016-07-16_064306
Version:
   Company:    Microsoft Corporation
   Product:    Microsoft® Windows® Operating System
   FileDesc:   Version Checking and File Installation Libraries
   FileVer:    10.0.14393.0
   ProdVer:    10.0.14393.0

Module 46
C:\WINDOWS\System32\CRYPTBASE.dll
Image Base: 0x73a80000  Image Size: 0x0000a000
File Size:  31528       File Time:  2016-07-16_064250
Version:
   Company:    Microsoft Corporation
   Product:    Microsoft® Windows® Operating System
   FileDesc:   Base cryptographic API DLL
   FileVer:    10.0.14393.0
   ProdVer:    10.0.14393.0

Module 47
C:\WINDOWS\System32\SspiCli.dll
Image Base: 0x73a90000  Image Size: 0x0001e000
File Size:  117240      File Time:  2016-09-07_000758
Version:
   Company:    Microsoft Corporation
   Product:    Microsoft® Windows® Operating System
   FileDesc:   Security Support Provider Interface
   FileVer:    10.0.14393.187
   ProdVer:    10.0.14393.187

Module 48
C:\WINDOWS\System32\combase.dll
Image Base: 0x73ab0000  Image Size: 0x00211000
File Size:  2166232     File Time:  2016-10-14_231802
Version:
   Company:    Microsoft Corporation
   Product:    Microsoft® Windows® Operating System
   FileDesc:   Microsoft COM for Windows
   FileVer:    10.0.14393.351
   ProdVer:    10.0.14393.351

Module 49
C:\WINDOWS\System32\win32u.dll
Image Base: 0x73cd0000  Image Size: 0x00015000
File Size:  79536       File Time:  2016-08-01_234722
Version:
   Company:    Microsoft Corporation
   Product:    Microsoft® Windows® Operating System
   FileDesc:   Win32u
   FileVer:    10.0.14393.51
   ProdVer:    10.0.14393.51

Module 50
C:\WINDOWS\System32\gdi32full.dll
Image Base: 0x73d00000  Image Size: 0x0015b000
File Size:  1415744     File Time:  2016-11-02_060132
Version:
   Company:    Microsoft Corporation
   Product:    Microsoft® Windows® Operating System
   FileDesc:   GDI Client DLL
   FileVer:    10.0.14393.447
   ProdVer:    10.0.14393.447

Module 51
C:\WINDOWS\System32\powrprof.dll
Image Base: 0x73e60000  Image Size: 0x00045000
File Size:  275832      File Time:  2016-07-16_064256
Version:
   Company:    Microsoft Corporation
   Product:    Microsoft® Windows® Operating System
   FileDesc:   Power Profile Helper DLL
   FileVer:    10.0.14393.0
   ProdVer:    10.0.14393.0

Module 52
C:\WINDOWS\System32\SETUPAPI.dll
Image Base: 0x73eb0000  Image Size: 0x0040b000
File Size:  4268368     File Time:  2016-07-16_064246
Version:
   Company:    Microsoft Corporation
   Product:    Microsoft® Windows® Operating System
   FileDesc:   Windows Setup API
   FileVer:    10.0.14393.0
   ProdVer:    10.0.14393.0

Module 53
C:\WINDOWS\System32\OLEAUT32.dll
Image Base: 0x742c0000  Image Size: 0x00094000
File Size:  601712      File Time:  2016-11-02_062300
Version:
   Company:    Microsoft Corporation
   Product:    Microsoft® Windows® Operating System
   FileDesc:   OLEAUT32.DLL
   FileVer:    10.0.14393.447
   ProdVer:    10.0.14393.447

Module 54
C:\WINDOWS\System32\USER32.dll
Image Base: 0x74360000  Image Size: 0x0015f000
File Size:  1435896     File Time:  2016-10-14_231124
Version:
   Company:    Microsoft Corporation
   Product:    Microsoft® Windows® Operating System
   FileDesc:   Multi-User Windows USER API Client DLL
   FileVer:    10.0.14393.351
   ProdVer:    10.0.14393.351

Module 55
C:\WINDOWS\System32\clbcatq.dll
Image Base: 0x74520000  Image Size: 0x00084000
File Size:  528360      File Time:  2016-07-16_064248
Version:
   Company:    Microsoft Corporation
   Product:    Microsoft® Windows® Operating System
   FileDesc:   COM+ Configuration Catalog
   FileVer:    2001.12.10941.16384
   ProdVer:    10.0.14393.0

Module 56
C:\WINDOWS\System32\profapi.dll
Image Base: 0x745b0000  Image Size: 0x0000f000
File Size:  54752       File Time:  2016-07-16_064250
Version:
   Company:    Microsoft Corporation
   Product:    Microsoft® Windows® Operating System
   FileDesc:   User Profile Basic API
   FileVer:    10.0.14393.0
   ProdVer:    10.0.14393.0

Module 57
C:\WINDOWS\System32\NSI.dll
Image Base: 0x745c0000  Image Size: 0x00007000
File Size:  20152       File Time:  2016-07-16_064228
Version:
   Company:    Microsoft Corporation
   Product:    Microsoft® Windows® Operating System
   FileDesc:   NSI User-mode interface DLL
   FileVer:    10.0.14393.0
   ProdVer:    10.0.14393.0

Module 58
C:\WINDOWS\System32\GDI32.dll
Image Base: 0x745d0000  Image Size: 0x0002b000
File Size:  170960      File Time:  2016-09-15_122320
Version:
   Company:    Microsoft Corporation
   Product:    Microsoft® Windows® Operating System
   FileDesc:   GDI Client DLL
   FileVer:    10.0.14393.206
   ProdVer:    10.0.14393.206

Module 59
C:\WINDOWS\System32\ucrtbase.dll
Image Base: 0x74660000  Image Size: 0x000e0000
File Size:  918304      File Time:  2016-07-16_064256
Version:
   Company:    Microsoft Corporation
   Product:    Microsoft® Windows® Operating System
   FileDesc:   Microsoft® C Runtime Library
   FileVer:    10.0.14393.0
   ProdVer:    10.0.14393.0

Module 60
C:\WINDOWS\System32\SHLWAPI.dll
Image Base: 0x748b0000  Image Size: 0x00046000
File Size:  284056      File Time:  2016-07-16_064304
Version:
   Company:    Microsoft Corporation
   Product:    Microsoft® Windows® Operating System
   FileDesc:   Shell Light-weight Utility Library
   FileVer:    10.0.14393.0
   ProdVer:    10.0.14393.0

Module 61
C:\WINDOWS\System32\SHELL32.dll
Image Base: 0x74900000  Image Size: 0x013d9000
File Size:  20969928    File Time:  2016-11-02_060518
Version:
   Company:    Microsoft Corporation
   Product:    Microsoft® Windows® Operating System
   FileDesc:   Windows Shell Common Dll
   FileVer:    10.0.14393.447
   ProdVer:    10.0.14393.447

Module 62
C:\WINDOWS\System32\kernel.appcore.dll
Image Base: 0x75ce0000  Image Size: 0x0000d000
File Size:  43416       File Time:  2016-07-16_064256
Version:
   Company:    Microsoft Corporation
   Product:    Microsoft® Windows® Operating System
   FileDesc:   AppModel API Host
   FileVer:    10.0.14393.0
   ProdVer:    10.0.14393.0

Module 63
C:\WINDOWS\System32\msvcrt.dll
Image Base: 0x75cf0000  Image Size: 0x000be000
File Size:  773168      File Time:  2016-07-16_064250
Version:
   Company:    Microsoft Corporation
   Product:    Microsoft® Windows® Operating System
   FileDesc:   Windows NT CRT DLL
   FileVer:    7.0.14393.0
   ProdVer:    10.0.14393.0

Module 64
C:\WINDOWS\System32\KERNEL32.DLL
Image Base: 0x75db0000  Image Size: 0x000e0000
File Size:  616048      File Time:  2016-07-16_064246
Version:
   Company:    Microsoft Corporation
   Product:    Microsoft® Windows® Operating System
   FileDesc:   Windows NT BASE API Client DLL
   FileVer:    10.0.14393.0
   ProdVer:    10.0.14393.0

Module 65
C:\WINDOWS\System32\sechost.dll
Image Base: 0x75e90000  Image Size: 0x00041000
File Size:  255168      File Time:  2016-07-16_064250
Version:
   Company:    Microsoft Corporation
   Product:    Microsoft® Windows® Operating System
   FileDesc:   Host for SCM/SDDL/LSA Lookup APIs
   FileVer:    10.0.14393.0
   ProdVer:    10.0.14393.0

Module 66
C:\WINDOWS\System32\ADVAPI32.dll
Image Base: 0x76030000  Image Size: 0x00077000
File Size:  482392      File Time:  2016-07-16_064250
Version:
   Company:    Microsoft Corporation
   Product:    Microsoft® Windows® Operating System
   FileDesc:   Advanced Windows 32 Base API
   FileVer:    10.0.14393.0
   ProdVer:    10.0.14393.0

Module 67
C:\WINDOWS\System32\msvcp_win.dll
Image Base: 0x760b0000  Image Size: 0x0007b000
File Size:  498408      File Time:  2016-07-16_064256
Version:
   Company:    Microsoft Corporation
   Product:    Microsoft® Windows® Operating System
   FileDesc:   Microsoft® C Runtime Library
   FileVer:    10.0.14393.0
   ProdVer:    10.0.14393.0

Module 68
C:\WINDOWS\System32\windows.storage.dll
Image Base: 0x76130000  Image Size: 0x0056e000
File Size:  5722320     File Time:  2016-09-15_122242
Version:
   Company:    Microsoft Corporation
   Product:    Microsoft® Windows® Operating System
   FileDesc:   Microsoft WinRT Storage API
   FileVer:    10.0.14393.206
   ProdVer:    10.0.14393.206

Module 69
C:\WINDOWS\System32\IMM32.dll
Image Base: 0x76820000  Image Size: 0x00025000
File Size:  144632      File Time:  2016-07-16_064250
Version:
   Company:    Microsoft Corporation
   Product:    Microsoft® Windows® Operating System
   FileDesc:   Multi-User Windows IMM32 API Client DLL
   FileVer:    10.0.14393.0
   ProdVer:    10.0.14393.0

Module 70
C:\WINDOWS\System32\PSAPI.DLL
Image Base: 0x768d0000  Image Size: 0x00006000
File Size:  17048       File Time:  2016-07-16_064246
Version:
   Company:    Microsoft Corporation
   Product:    Microsoft® Windows® Operating System
   FileDesc:   Process Status Helper
   FileVer:    10.0.14393.0
   ProdVer:    10.0.14393.0

Module 71
C:\WINDOWS\System32\MSCTF.dll
Image Base: 0x76980000  Image Size: 0x00135000
File Size:  1263856     File Time:  2016-11-02_060122
Version:
   Company:    Microsoft Corporation
   Product:    Microsoft® Windows® Operating System
   FileDesc:   MSCTF Server DLL
   FileVer:    10.0.14393.447
   ProdVer:    10.0.14393.447

Module 72
C:\WINDOWS\System32\bcryptPrimitives.dll
Image Base: 0x76ac0000  Image Size: 0x0005a000
File Size:  367208      File Time:  2016-07-16_064228
Version:
   Company:    Microsoft Corporation
   Product:    Microsoft® Windows® Operating System
   FileDesc:   Windows Cryptographic Primitives Library
   FileVer:    10.0.14393.0
   ProdVer:    10.0.14393.0

Module 73
C:\WINDOWS\System32\RPCRT4.dll
Image Base: 0x76b20000  Image Size: 0x000c1000
File Size:  790760      File Time:  2016-09-05_123542
Version:
   Company:    Microsoft Corporation
   Product:    Microsoft® Windows® Operating System
   FileDesc:   Remote Procedure Call Runtime
   FileVer:    10.0.14393.82
   ProdVer:    10.0.14393.82

Module 74
C:\WINDOWS\System32\cfgmgr32.dll
Image Base: 0x76bf0000  Image Size: 0x00036000
File Size:  213848      File Time:  2016-07-16_064256
Version:
   Company:    Microsoft Corporation
   Product:    Microsoft® Windows® Operating System
   FileDesc:   Configuration Manager DLL
   FileVer:    10.0.14393.0
   ProdVer:    10.0.14393.0

Module 75
C:\WINDOWS\System32\WS2_32.dll
Image Base: 0x76c30000  Image Size: 0x00063000
File Size:  402352      File Time:  2016-09-15_123706
Version:
   Company:    Microsoft Corporation
   Product:    Microsoft® Windows® Operating System
   FileDesc:   Windows Socket 2.0 32-Bit DLL
   FileVer:    10.0.14393.206
   ProdVer:    10.0.14393.206

Module 76
C:\WINDOWS\System32\KERNELBASE.dll
Image Base: 0x76ca0000  Image Size: 0x001a1000
File Size:  1705976     File Time:  2016-10-05_050326
Version:
   Company:    Microsoft Corporation
   Product:    Microsoft® Windows® Operating System
   FileDesc:   Windows NT BASE API Client DLL
   FileVer:    10.0.14393.321
   ProdVer:    10.0.14393.321

Module 77
C:\WINDOWS\System32\shcore.dll
Image Base: 0x76e50000  Image Size: 0x00088000
File Size:  549088      File Time:  2016-07-16_064244
Version:
   Company:    Microsoft Corporation
   Product:    Microsoft® Windows® Operating System
   FileDesc:   SHCORE
   FileVer:    10.0.14393.0
   ProdVer:    10.0.14393.0

Module 78
C:\WINDOWS\System32\ole32.dll
Image Base: 0x76ee0000  Image Size: 0x000ea000
File Size:  959112      File Time:  2016-11-02_060514
Version:
   Company:    Microsoft Corporation
   Product:    Microsoft® Windows® Operating System
   FileDesc:   Microsoft OLE for Windows
   FileVer:    10.0.14393.447
   ProdVer:    10.0.14393.447

Module 79
C:\WINDOWS\SYSTEM32\ntdll.dll
Image Base: 0x76fd0000  Image Size: 0x00182000
File Size:  1570672     File Time:  2016-11-02_062300
Version:
   Company:    Microsoft Corporation
   Product:    Microsoft® Windows® Operating System
   FileDesc:   NT Layer DLL
   FileVer:    10.0.14393.447
   ProdVer:    10.0.14393.447


== [end of error.log] ==
