Unity Player [version: Unity 5.4.3f1_01f4c123905a]

networkTest.exe caused an Access Violation (0xc0000005)
  in module networkTest.exe at 0023:0142d1d6.

Error occurred at 2016-11-22_183732.
C:\Users\Bonhomme\Documents\ServerSet\networkTest.exe, run by Bonhomme.
69% memory in use.
0 MB physical memory [2513 MB free].
0 MB paging file [3260 MB free].
0 MB user address space [3681 MB free].
Read from location 000005d4 caused an access violation.

Context:
EDI:    0x00000000  ESI: 0x04e2d750  EAX:   0x020ae320
EBX:    0x00045ffb  ECX: 0x00000000  EDX:   0x00000002
EIP:    0x0142d1d6  EBP: 0x020ae30c  SegCs: 0x00000023
EFlags: 0x00210287  ESP: 0x020ae308  SegSs: 0x0000002b

Bytes at CS:EIP:
83 bf d4 05 00 00 00 75 07 32 c0 5f 5d c2 04 00 

Stack:
0x020ae308: 01c4c1b5 020ae33c 01414a89 020ae320 ....<....JA. ...
0x020ae318: 00000003 04e2d750 666e6f63 00006769 ....P...config..
0x020ae328: 7729f90b fffffd83 00000006 0000000f ..)w............
0x020ae338: fffffee6 020ae344 01413ce7 020ae35c ....D....<A.\...
0x020ae348: 01413e06 00000002 014161b0 00000000 .>A......aA.....
0x020ae358: 01dc3670 020ae378 0141620f 00000003 p6..x....bA.....
0x020ae368: 764559f9 764559f9 00045ffb 00000000 .YEv.YEv._......
0x020ae378: 020ae3ac 01412c75 04e2d750 00000003 ....u,A.P.......
0x020ae388: 764559f9 764559f9 00045ffb 00000000 .YEv.YEv._......
0x020ae398: 00000003 04e2d6f8 00000000 01dc3670 ............p6..
0x020ae3a8: 00000000 020ae414 01413964 00000003 ........d9A.....
0x020ae3b8: 764559f9 764559f9 00045ffb 00000000 .YEv.YEv._......
0x020ae3c8: 01dc3974 00000000 01dc3974 00000000 t9......t9......
0x020ae3d8: 00000001 fb6c05c1 00000006 047d1e30 ......l.....0.}.
0x020ae3e8: 020ae3f8 01a41007 00000006 048335c0 .............5..
0x020ae3f8: 020ae41c 0128a3c3 04d32f88 020ae418 ......(../......
0x020ae408: 00000000 8e66c057 00000000 020ae420 ....W.f..... ...
0x020ae418: 01413987 00000003 020ae43c 00f07691 .9A.....<....v..
0x020ae428: 04e2d6f8 00000000 00000000 00000006 ................
0x020ae438: 00000000 020ae45c 0103a43f 00000000 ....\...?.......
0x020ae448: 047c7fc0 00000000 fffffffe 020ae4a4 ..|.............
0x020ae458: 010d2bb4 020ae4a4 010d2945 00000000 .+......E)......
0x020ae468: 00000001 00000000 00000001 010d2600 .............&..
0x020ae478: 77c82f60 1277213e 000004b0 00000000 `/.w>!w.........
0x020ae488: 77c6a843 02b09980 00000000 0000001c C..w............
0x020ae498: 00000001 000015b0 00000000 020ae4d0 ................
0x020ae4a8: 772bd2b3 005d0834 00000006 00000001 ..+w4.].........
0x020ae4b8: 00000000 00000001 dcbaabcd 010d2600 .............&..
0x020ae4c8: 00000000 00000001 020ae5b8 7729e88a ..............)w
0x020ae4d8: 010d2600 005d0834 00000006 00000001 .&..4.].........
0x020ae4e8: 00000000 127720f2 00000000 00000000 ..... w.........
0x020ae4f8: 00000006 00000080 00000040 00000003 ........@.......
0x020ae508: 00af0000 00af0000 10a9bbb0 0000000c ................
0x020ae518: 00000000 00000024 00000001 00000000 ....$...........
0x020ae528: 00000000 00000070 ffffffff ffffffff ....p...........
0x020ae538: 00000024 00000001 00000000 00000000 $...............
0x020ae548: 00000030 ffffffff ffffffff 7729e71c 0.............)w
0x020ae558: 00000000 00000000 00000000 00000000 ................
0x020ae568: 00000000 00000000 010d2600 00000000 .........&......
0x020ae578: 028b09f8 00000000 80000011 00000000 ................
0x020ae588: 00000000 80000011 00000000 00000001 ................
0x020ae598: 005d0834 127720f2 7729e4c0 020add38 4.].. w...)w8...
0x020ae5a8: 020ae608 772c15b0 674e8a8a 00000000 ......,w..Ng....
0x020ae5b8: 020ae618 7729e4c0 010d2600 00000000 ......)w.&......
0x020ae5c8: 00000006 00000001 00000000 00d4b000 ................
0x020ae5d8: 00000001 12772352 020ae77c 77cc1bf0 ....R#w.|......w
0x020ae5e8: 00000000 020ae650 772c15b0 00000000 ....P.....,w....
0x020ae5f8: 005d0834 00000000 020ae5dc 020add38 4.].........8...
0x020ae608: 020ae668 772c15b0 674e8aea fffffffe h.....,w..Ng....
0x020ae618: 020ae658 772a8b09 02aa3120 00000000 X.....*w 1......
0x020ae628: 00000006 00000001 00000000 010d2600 .............&..
0x020ae638: 00000400 00000001 00000000 00000000 ................
0x020ae648: 020ae65c 00000000 00000000 12772312 \............#w.
0x020ae658: 020ae6c4 77cb0006 020ae674 00000020 .......wt... ...
0x020ae668: 020ae744 77caff50 020ae698 02aa3120 D...P..w.... 1..
0x020ae678: 00000000 00000006 00000001 00000000 ................
0x020ae688: 010d2600 77cc1bf0 00000000 774d249c .&.....w.....$Mw
0x020ae698: 772a6ad7 020ae77c 001004b6 00000400 .j*w|...........
0x020ae6a8: 00007fff 00000003 020aeab8 00d4b000 ................
0x020ae6b8: 020aeab8 00000000 00000000 020ae6fc ................
0x020ae6c8: 772a6a6d 00000400 00007fff 00000003 mj*w............
0x020ae6d8: 00000000 020aeab8 020ae77c 020aeab8 ........|.......
0x020ae6e8: 00000000 00000102 020ae8a0 00d4b000 ................
0x020ae6f8: 020ae6e4 020ae754 76cd08f6 020ae77c ....T......v|...
0x020ae708: 001004b6 00000400 00007fff 00000003 ................
0x020ae718: 9dc35cf2 020aeab8 00000000 00000040 .\..........@...
0x020ae728: 010ae73c 020ae784 76cd08f6 020aeab8 <..........v....
0x020ae738: 00000000 020ae718 00000000 020ae820 ............ ...
0x020ae748: 76d1ff90 e917bd56 00000000 020ae798 ...vV...........
0x020ae758: 76cd0b9f 020ae77c 001004b6 00000400 ...v|...........
0x020ae768: 00007fff 00000003 020aeab8 020aeab8 ................
0x020ae778: 00000000 76cd0908 9dc35c1a 020aeab8 .......v.\......
0x020ae788: 023aed18 00000000 00000000 00000000 ..:.............
0x020ae798: 020ae7cc 76cd0aec 020aeab8 020aeab8 .......v........
0x020ae7a8: 00000002 8a325be0 fffffffe 020ae81c .....[2.........
0x020ae7b8: 774d24ac 772a85f6 00005cff 772a8600 .$Mw..*w.\....*w
0x020ae7c8: 12772286 020ae830 76cd0c0d 00400040 ."w.0......v@.@.
0x020ae7d8: 9dc35396 00ba309c 020aeab8 00000002 .S...0..........
0x020ae7e8: 00005dff 00000000 000000c0 000007f8 .]..............
0x020ae7f8: 000007a4 000000c0 fec18764 76c3f7a4 ........d......v
0x020ae808: 020aeab8 020af0d4 00400040 9dc35396 ........@.@..S..
0x020ae818: 020ae7d8 020ae854 020af0d4 76d1ff90 ....T..........v
0x020ae828: e917bcbe fffffffe 020ae854 76cd10cc ........T......v
0x020ae838: 023f1c98 0e203978 020aeab8 00000000 ..?.x9 .........
0x020ae848: 00ba309c ffffffff 9dc353f2 020ae914 .0.......S......
0x020ae858: 76cbe641 020ae8a0 00000002 020ae898 A..v............
0x020ae868: 023f1c98 023aed18 1095ca88 023f1c98 ..?...:.......?.
0x020ae878: 00000000 023f1c98 00000002 107cfa3c ......?.....<.|.
0x020ae888: 00000000 020aebe8 00000000 0e203978 ............x9 .
0x020ae898: ffffffff 020aeab8 000007f8 000007a4 ................
0x020ae8a8: 00000000 00000000 00000000 00000000 ................
0x020ae8b8: 00000000 1095ca00 00000000 00000000 ................
0x020ae8c8: 00000000 00000000 00000000 00000000 ................
0x020ae8d8: 00000000 00000000 00000000 00000000 ................
0x020ae8e8: 00000000 00000000 00000000 00000000 ................
0x020ae8f8: 00000000 423ec01e 11d22e35 100004b6 ......>B5.......
0x020ae908: fd3e704b 9dc353d2 00000000 020aea28 Kp>..S......(...
0x020ae918: 76ccfbf6 107cfa3c 76ccfa50 020aebe8 ...v<.|.P..v....
0x020ae928: 023f1c98 10939fb0 020aebc0 7631dad2 ..?...........1v
0x020ae938: 020aebe8 00000000 020aebe8 023aed18 ..............:.
0x020ae948: 00000000 00000000 00ba307d 00000000 ........}0......
0x020ae958: 1093a054 ffffffff ffffffff 00000000 T...............
0x020ae968: 00000000 00000000 1093a05c 7631f640 ........\...@.1v
0x020ae978: 00000000 10a9bfb8 423ec01e 11d22e35 ..........>B5...
0x020ae988: 100004b6 fd3e704b 00001008 023d7960 ....Kp>.....`y=.
0x020ae998: e468a984 020aea3c 7631c03d 10a9bfa0 ..h.<...=.1v....
0x020ae9a8: 00000000 10939f40 10939e88 00000000 ....@...........
0x020ae9b8: 10939fb0 10939e88 00000000 020aea3c ............<...
0x020ae9c8: 7631c0a8 10939fb0 020ae9ec 77c7ae10 ..1v...........w
0x020ae9d8: 77d4d520 00001008 00000003 023ca418  ..w..........<.
0x020ae9e8: 023d7960 020ae9f4 00000003 76f016e0 `y=............v
0x020ae9f8: 020aea14 7742103a 00000003 00000000 ....:.Bw........
0x020aea08: 023aed18 77421046 c4d8dcae 020aea4c ..:.F.Bw....L...
0x020aea18: 77420fe0 77420fc7 c4d8dcf6 9dc3528a ..Bw..Bw.....R..
0x020aea28: 020aeb9c 76ccf4df 020aebe8 020aebc0 .......v........
0x020aea38: 023f1c98 020aecd4 020aebe8 b1991caa ..?.............
0x020aea48: 00000000 020aebe8 020aebc0 00000000 ................
0x020aea58: 023aed18 00000000 76cc56e3 023d9290 ..:......V.v..=.
0x020aea68: 00000000 00000030 023f1c98 023aed18 ....0.....?...:.
0x020aea78: 76cc57f1 10a98588 003f1c98 00000001 .W.v......?.....
0x020aea88: 00000000 10a98588 023aed18 00000000 ..........:.....
0x020aea98: 00000000 107cfa3c 00000000 76cd0170 ....<.|.....p..v
0x020aeaa8: 023d9288 00000000 00000040 00000000 ..=.....@.......
0x020aeab8: 76c14b7c 016cc860 00000000 00000000 |K.v`.l.........
0x020aeac8: 00000000 00000000 80010115 00000000 ................
0x020aead8: 00000000 00000000 00000000 76d2b760 ............`..v
0x020aeae8: 00000000 00000000 00005dff d607b547 .........]..G...
0x020aeaf8: 40c31e70 e992e4b9 6fc324fc 00000000 p..@.....$.o....
0x020aeb08: 00000000 020aebe8 00ba307d 0000001f ........}0......
0x020aeb18: 00000000 00000000 00000000 0e251508 ..............%.
0x020aeb28: 00000000 00000000 00000000 00000000 ................
0x020aeb38: 00000000 10000bb6 fd3e704b 9dc35092 ........Kp>..P..
0x020aeb48: 6ce86ac4 020aeb6c 023aed18 020aeab0 .j.ll.....:.....
0x020aeb58: 00000000 00000000 00000000 00000000 ................
0x020aeb68: 00000000 00000000 00000000 00000000 ................
0x020aeb78: 00000000 00000000 e468b094 423ec01e ..........h...>B
0x020aeb88: 11d22e35 100004b6 fd3e704b 9dc351e2 5.......Kp>..Q..
0x020aeb98: 020aebc8 020aebc8 76c33015 020aebe8 .........0.v....
0x020aeba8: 020aebc0 020af128 020aee14 76c32f40 ....(.......@/.v
0x020aebb8: 023f1c98 020aebe8 00000000 9dc3506e ..?.........nP..
0x020aebc8: 020af0e4 762f5a9a 10a4cc2c 020aecd4 .....Z/v,.......
0x020aebd8: e468b0fc 76d22770 020af11c 1084d16c ..h.p'.v....l...
0x020aebe8: 023f1c98 00000010 00000000 00000018 ..?.............
0x020aebf8: 00008003 00000000 10a9bfa0 00000000 ................
0x020aec08: 00000000 00000004 00000000 1084d174 ............t...
0x020aec18: 020aed58 00000000 00d4d000 00000000 X...............
0x020aec28: 00000000 00000000 00000000 023b0fd8 ..............;.
0x020aec38: 00000000 00000000 00000000 00000000 ................
0x020aec48: 76c1afc8 76c439d8 020aecd4 020aecd4 ...v.9.v........
0x020aec58: 00000000 6ce868d4 020aecd4 020af128 .....h.l....(...
0x020aec68: 00000000 00d4d000 020aecf4 00000000 ................
0x020aec78: 020aecd4 00000000 023d92b4 023d9260 ..........=.`.=.
0x020aec88: 00000000 023b0fd8 00000000 00000000 ......;.........
0x020aec98: 00000000 00000000 76c1afc8 00000000 ...........v....
0x020aeca8: 00000000 00000007 00000000 023b0fd8 ..............;.
0x020aecb8: 00000000 00000000 00000000 6ce89920 ............ ..l
0x020aecc8: 6ce89850 00000000 00000001 020aebe8 P..l............
0x020aecd8: 023d92e0 00000000 00000000 023d92c8 ..=...........=.
0x020aece8: 00000054 00000000 00000000 00000001 T...............
0x020aecf8: 00000000 00000000 00000000 00000000 ................
0x020aed08: 00000000 00000002 00000000 00000000 ................
0x020aed18: 00000000 6ce89920 6ce89850 020af11c .... ..lP..l....
0x020aed28: 00000000 00000000 00000000 6ce818d8 ...............l
0x020aed38: 00000000 00000000 00000000 00000140 ............@...
0x020aed48: 00000000 00000000 00000000 00000000 ................
0x020aed58: 076cc440 00000000 00000000 00000000 @.l.............
0x020aed68: 00000000 00000000 00000003 020adb94 ................
0x020aed78: 00000000 020aeeb8 020af11c 00000000 ................
0x020aed88: 00000000 00000000 00000000 00000000 ................
0x020aed98: 020aee14 00000000 00000000 00000000 ................
0x020aeda8: 00000000 00000000 020aec7c 00000003 ........|.......
0x020aedb8: 00000000 023b1014 0000006c 00000001 ......;.l.......
0x020aedc8: 00000000 6ce8672a 6ce8503a 020af0c4 ....*g.l:P.l....
0x020aedd8: 020af128 00000000 6ce8502c 00000000 (.......,P.l....
0x020aede8: 7630f540 00000000 020aee14 00000000 @.0v............
0x020aedf8: 00000000 10a4cc2c 00000000 6ce84ff8 ....,........O.l
0x020aee08: 020aecd4 00000003 00000010 8a885d04 .............]..
0x020aee18: 0000006c 6ce84fea 6ce84fe0 00000007 l....O.l.O.l....
0x020aee28: 6ce84ff8 020af11c 00000233 00000000 .O.l....3.......
0x020aee38: 6ce84fea 6ce8672a 00000022 00000000 .O.l*g.l".......
0x020aee48: 00000000 00000000 00000001 00000020 ............ ...
0x020aee58: 00000000 00000000 00000000 00000000 ................
0x020aee68: 76332340 00000000 00000000 00000000 @#3v............
0x020aee78: 00000000 7632f2b0 7632f3a0 00000000 ......2v..2v....
0x020aee88: 00000000 00000000 00000000 00000000 ................
0x020aee98: 00000000 00000000 00000000 00000000 ................
0x020aeea8: 020af048 020aeeac 020aeeac 00000070 H...........p...
0x020aeeb8: 020aeeb8 020aeeb8 00000017 00000000 ................
0x020aeec8: 020aeed8 020aeecc 020aeecc 00000200 ................
0x020aeed8: 020af1ec 1084d1d0 6ce8488c 023a0000 .........H.l..:.
0x020aeee8: 762f25fc 020aeb70 020aecb0 10780a24 .%/vp.......$.x.
0x020aeef8: 00000000 00000000 00000000 10a4cac0 ................
0x020aef08: 10a4cac4 020aef74 076cc740 020af068 ....t...@.l.h...
0x020aef18: 1095ca88 00000000 76cb5f37 76d2b760 ........7_.v`..v
0x020aef28: 0e2227d0 10a4c3d0 10a4c560 00000064 .'".....`...d...
0x020aef38: 020aef6c 77c87a71 023a0000 10a4c560 l...qz.w..:.`...
0x020aef48: 10a4c568 7632e8f9 e468af4c 020aefa0 h.....2vL.h.....
0x020aef58: 76cb388a 10a4c3d0 0018001f 00000005 .8.v............
0x020aef68: 0e2227d0 020aef90 77c8799d 020af068 .'"......y.wh...
0x020aef78: 020af030 76cafa20 00000000 020af068 0... ..v....h...
0x020aef88: 10780a24 76c43962 76de7098 020aefa4 $.x.b9.v.p.v....
0x020aef98: 76cd0377 76de70ac 00000000 020aeff8 w..v.p.v........
0x020aefa8: 76cb1310 76c3f694 00001588 9fc9bba6 ...v...v........
0x020aefb8: 020af060 10780a24 76cb1320 00000001 `...$.x. ..v....
0x020aefc8: 10a4c5a0 020af060 020af064 020af068 ....`...d...h...
0x020aefd8: 00000000 020af078 10a4c598 00000000 ....x...........
0x020aefe8: 00000000 10780a24 00000000 77caf9ec ....$.x........w
0x020aeff8: 77bf9980 109a9778 00000010 109a9778 ...wx.......x...
0x020af008: 00000000 020af06c 77bf976f 109a97e0 ....l...o..w....
0x020af018: 00000010 020af0f0 77bf977f 00000000 ...........w....
0x020af028: 109a97d0 020af100 0000000d 00000000 ................
0x020af038: ffff0001 020af08c 109a97e0 10a4c568 ............h...
0x020af048: 076ccb00 00000000 020af058 020af05c ..l.....X...\...
0x020af058: c4d8c686 76cb6b6a 10a4cac4 76cb5820 ....jk.v.... X.v
0x020af068: 1084d184 76d2b860 76cb5888 10780a20 ....`..v.X.v .x.
0x020af078: 00000001 1084d148 020af0f0 00000000 ....H...........
0x020af088: fffffffe 00000001 00000002 9dc34b3e ............>K..
0x020af098: 020af0ac 76c3135f 10780ac4 76c3136a ...._..v..x.j..v
0x020af0a8: 9dc34b0a 020af0c0 7632e93e 10a4cac4 .K......>.2v....
0x020af0b8: 7632e949 e468b0d8 020af110 6cde414e I.2v..h.....NA.l
0x020af0c8: e468b0fc 020aebd8 020af1fc 020af16c ..h.........l...
0x020af0d8: 76334aa0 905be038 00000001 020af104 .J3v8.[.........
0x020af0e8: 76c33a90 6ce818d8 6ce84fe0 020af11c .:.v...l.O.l....
0x020af0f8: 020af200 1084d1d0 00000020 020af114 ........ .......
0x020af108: 76d2275f 020af11c 00000003 020af178 _'.v........x...
0x020af118: 6cdd9653 10a4cc2c 1084d174 ffffffff S..l,...t.......
0x020af128: 00000001 020af200 020af160 020af164 ........`...d...
0x020af138: 12532285 040a2b08 01bbdb34 00000000 ."S..+..4.......
0x020af148: 03e52610 020af164 00f25c2f 040a2b00 .&..d.../\...+..
0x020af158: 040a2b00 01e0a000 00000000 00000000 .+..............
0x020af168: 12532285 020af820 6cde7b58 ffffffff ."S. ...X{.l....
0x020af178: 020af1f0 00f35e9f 1084d1d0 ffffffff .....^..........
0x020af188: 00000001 020af1fc 020af200 00000010 ................
0x020af198: 00000010 00000000 00e1fd04 040df4f0 ................
0x020af1a8: 020af228 0000000a 00000017 020af228 (...........(...
0x020af1b8: 0000000d 040df4f0 020af228 020af1b0 ........(.......
0x020af1c8: 020af228 00000017 020af1f0 00e2f3f4 (...............
0x020af1d8: 00000000 00000000 00000000 00000010 ................
0x020af1e8: 10a9bdb0 1084d1d0 020af248 00f36137 ........H...7a..
0x020af1f8: 020af20c 00000000 00000000 04e2d750 ............P...
0x020af208: 00000000 33373433 32363733 31313430 ....347337620411
0x020af218: 00000034 0000000d 0000000f 040d28c0 4............(..
0x020af228: 040df4f0 31343630 02003035 00f27042 ....064150..Bp..
0x020af238: 00000017 0000001f 020af33c 10a9bdb0 ........<.......
0x020af248: 020af33c 01414975 00000010 04e2d750 <...uIA.....P...
0x020af258: 00000000 020af274 00f25845 040d2b00 ....t...EX...+..
0x020af268: 00000010 00000010 01e0a000 020af2ac ................
0x020af278: 342e3575 3166332e 00000000 0000002f u5.4.3f1..../...
0x020af288: 00000008 0000000f 00000000 040d28c0 .............(..
0x020af298: 00f27982 00000030 00000010 00000020 .y..0....... ...
0x020af2a8: 0000002f 020af2cc 646e6957 5073776f /.......WindowsP
0x020af2b8: 6579616c 00000072 0000000d 0000000f layer...........
0x020af2c8: 0000004b 040d28c0 00e1f6e9 00000030 K....(......0...
0x020af2d8: 00000010 00000020 0000002f 01ba7da8 .... .../....}..
0x020af2e8: 0000004b 020af320 00e1fca6 00000030 K... .......0...
0x020af2f8: 00000000 00000024 04e2d760 342e3500 ....$...`....5.4
0x020af308: 3166332e 04e2d700 020af2fc 00000000 .3f1............
0x020af318: 0000000f 020af33c 040d2800 040d2b00 ....<....(...+..
0x020af328: 040d2950 00000024 00000000 0000000f P)..$...........
0x020af338: 00000000 020af344 01413cda 020af354 ....D....<A.T...
0x020af348: 014144f7 00000001 04e2d750 020af3c8 .DA.....P.......
0x020af358: 014160cb 020af36c 00000001 04e2d750 .`A.l.......P...
0x020af368: 00045ffb 040d2950 04e2d6f8 00000000 ._..P)..........
0x020af378: 01d99548 00000024 0000002f 010cf700 H...$.../.......
0x020af388: 00000000 00000000 00000005 00000000 ................
0x020af398: 00000000 0000000f 8e64a2e6 00000100 ..........d.....
0x020af3a8: 00000000 020af421 00000010 00000000 ....!...........
0x020af3b8: 0000000f 01d99624 04e2d750 020af3d8 ....$...P.......
0x020af3c8: 020af3d8 01416195 00000000 01dc3670 .....aA.....p6..
0x020af3d8: 020af3f4 0141620f 00000001 764559f9 .....bA......YEv
0x020af3e8: 764559f9 00045ffb 00000000 020af428 .YEv._......(...
0x020af3f8: 01412c75 04e2d750 00000001 764559f9 u,A.P........YEv
0x020af408: 764559f9 00045ffb 00000000 01c4c06d .YEv._......m...
0x020af418: 04e2d6f8 00000000 01dc3670 00000000 ........p6......
0x020af428: 020af490 01413964 00000001 764559f9 ....d9A......YEv
0x020af438: 764559f9 00045ffb 00000000 00000002 .YEv._..........
0x020af448: 00000003 01dc0350 040d2b00 040df4d0 ....P....+......
0x020af458: 040b63b0 020af4cc 00000000 0000000f .c..............
0x020af468: 00000002 040d2b00 020af460 020af820 .....+..`... ...
0x020af478: 00000000 00000024 0000002f 020af4a0 ....$.../.......
0x020af488: 8e66bfc7 00000000 020af49c 01413aba ..f..........:A.
0x020af498: 00000001 020af4c4 0105fe60 04e2d6f8 ........`.......
0x020af4a8: ffffffbc 047fcc40 00000002 047fcc40 ....@.......@...
0x020af4b8: 040b3a01 047fcbb0 01dc032c 020af52c .:......,...,...
0x020af4c8: 01060b8f ffffffbc 047fcc40 00000002 ........@.......
0x020af4d8: 040b3a40 047fcbb0 040b3a01 040df370 @:.......:..p...
0x020af4e8: 040df370 00000000 047fcc04 020af508 p...............
0x020af4f8: 040df390 00000000 040df370 00000000 ........p.......
0x020af508: 020af518 00f26fb0 040df370 00000008 .....o..p.......
0x020af518: 020af550 00e28d80 040df370 047fcbb0 P.......p.......
0x020af528: 047fcbb0 020af550 01060d4f 040b3a40 ....P...O...@:..
0x020af538: 047fcbb0 0105fa5a 00000010 040b3a40 ....Z.......@:..
0x020af548: 00000001 040b3a40 020af570 0105faea ....@:..p.......
0x020af558: 00000002 7fffffff 00000010 047fcbb0 ................
0x020af568: 00000000 00000001 020af580 00f085f1 ................
0x020af578: 0000000f 04802360 020af614 0103ba4c ....`#......L...
0x020af588: 020af5ac 020af5c8 020af5e4 020af600 ................
0x020af598: 00000000 00000002 772b2480 772a6760 .........$+w`g*w
0x020af5a8: 00000004 040df410 020af5e8 00e918f4 ................
0x020af5b8: 020af5e8 00000014 0000001f 01dc7bcc .............{..
0x020af5c8: 6576656c 0000306c 00000000 00000000 level0..........
0x020af5d8: 00000006 0000000f 00000000 040df3f0 ................
0x020af5e8: 020af604 00e5e606 040df410 00000014 ................
0x020af5f8: 0000001f 00000000 00000000 00000000 ................
0x020af608: 00000000 00000000 772a6760 020af650 ........`g*wP...
0x020af618: 0103baf2 00000000 010d2322 010d2469 ........"#..i$..
0x020af628: 00000000 00000001 005d0834 000000ff ........4.].....
0x020af638: 00000001 13c40937 00ba2fa2 00000237 ....7..../..7...
0x020af648: 000000e2 00000738 020af788 010d4bde ....8........K..
0x020af658: 014e631b 00000000 00d4a000 04097910 .cN..........y..
0x020af668: 01c0003f 000001ff 00000000 0000003f ?...........?...
0x020af678: 0000003f 00001fff 0409fc10 00000000 ?...............
0x020af688: 03fb21e0 01cdd3e0 00000044 0000004f .!......D...O...
0x020af698: 01504cc5 03fb21e0 01cdd3e0 00000010 .LP..!..........
0x020af6a8: 00000010 7fffffff 00000000 01d99548 ............H...
0x020af6b8: 03fb1d80 00000010 020af600 020af6f4 ................
0x020af6c8: 01501985 03fb21e0 01cdd3e0 0409fd50 ..P..!......P...
0x020af6d8: 020af6e4 7fffffff 00000000 00000045 ............E...
0x020af6e8: 0000004f 03fb05a8 04097a10 020af724 O........z..$...
0x020af6f8: 014f2e6e 03fb21e0 00000036 0000003f n.O..!..6...?...
0x020af708: 020af644 616e614d 00646567 6c65746e D...Managed.ntel
0x020af718: 00000000 00000007 0000000f 020af730 ............0...
0x020af728: 04097950 04097988 04097988 0000000d Py...y...y......
0x020af738: 03e51040 65646900 646e6957 6c00776f @....ideWindow.l
0x020af748: 020a006c 00000000 0000000f 00000000 l...............
0x020af758: 00000000 65726100 5748746e 0100444e .....arentHWND..
0x020af768: 023a4f76 00000000 0000000f 00000000 vO:.............
0x020af778: 03e51040 03e51080 00000000 00100801 @...............
0x020af788: 020af7a0 014b6608 00e10000 00000000 .....fK.........
0x020af798: 023a4f78 00000001 020af830 014e62c8 xO:.....0....bN.
0x020af7a8: 00e10000 00000000 023a4f78 00000001 ........xO:.....
0x020af7b8: b6e9b74e 014e631b 014e631b 00d4a000 N....cN..cN.....
0x020af7c8: 00000044 023a2ab6 023a2a96 023a2a2a D....*:..*:.**:.
0x020af7d8: 00000000 00000000 00000000 00000000 ................
0x020af7e8: 00000000 00000000 00000000 00000401 ................
0x020af7f8: 00000001 00000000 00000000 00010001 ................
0x020af808: 00000000 020af81c 014e631b 00000000 .........cN.....
0x020af818: 020af7b8 eb488caa 020af87c 014e7c40 ......H.|...@|N.
0x020af828: b5379f9e 00000000 020af844 761b62c4 ..7.....D....b.v
0x020af838: 00d4a000 761b62a0 ad58ef3e 020af88c .....b.v>.X.....
0x020af848: 77ca0719 00d4a000 19be969f 00000000 ...w............
0x020af858: 00000000 00d4a000 00000000 00000000 ................
0x020af868: 00000000 00000000 19be969f 020af850 ............P...
0x020af878: 00000000 020af894 77cb5ef0 6c6713bb .........^.w..gl
0x020af888: 00000000 020af89c 77ca06e4 ffffffff ...........w....
0x020af898: 77cc264e 00000000 00000000 014e631b N&.w.........cN.
0x020af8a8: 00d4a000 00000000 00000000 00000000 ................
0x020af8b8: 00000000 00000000 00000000 00000000 ................
0x020af8c8: 00000000 00000000 00000000 00000000 ................
0x020af8d8: 00000000 00000000 00000000 00000000 ................
0x020af8e8: 00000000 00000000 00000000 00000000 ................
0x020af8f8: 00000000 00000000 00000000 00000000 ................
0x020af908: 00000000 00000000 00000000 00000000 ................
0x020af918: 00000000 00000000 00000000 00000000 ................
0x020af928: 00000000 00000000 00000000 00000000 ................
0x020af938: 00000000 00000000 00000000 00000000 ................
0x020af948: 00000000 00000000 00000000 00000000 ................
0x020af958: 00000000 00000000 00000000 00000000 ................
0x020af968: 00000000 00000000 00000000 00000000 ................
0x020af978: 00000000 00000000 00000000 00000000 ................
0x020af988: 00000000 00000000 00000000 00000000 ................
0x020af998: 00000000 00000000 00000000 00000000 ................
0x020af9a8: 00000000 00000000 00000000 00000000 ................
0x020af9b8: 00000000 00000000 00000000 00000000 ................
0x020af9c8: 00000000 00000000 00000000 00000000 ................
0x020af9d8: 00000000 00000000 00000000 00000000 ................
0x020af9e8: 00000000 00000000 00000000 00000000 ................
0x020af9f8: 00000000 00000000 00000000 00000000 ................
0x020afa08: 00000000 00000000 00000000 00000000 ................
0x020afa18: 00000000 00000000 00000000 00000000 ................
0x020afa28: 00000000 00000000 00000000 00000000 ................
0x020afa38: 00000000 00000000 00000000 00000000 ................
0x020afa48: 00000000 00000000 00000000 00000000 ................
0x020afa58: 00000000 00000000 00000000 00000000 ................
0x020afa68: 00000000 00000000 00000000 00000000 ................
0x020afa78: 00000000 00000000 00000000 00000000 ................
0x020afa88: 00000000 00000000 00000000 00000000 ................
0x020afa98: 00000000 00000000 00000000 00000000 ................
0x020afaa8: 00000000 00000000 00000000 00000000 ................
0x020afab8: 00000000 00000000 00000000 00000000 ................
0x020afac8: 00000000 00000000 00000000 00000000 ................
0x020afad8: 00000000 00000000 00000000 00000000 ................
0x020afae8: 00000000 00000000 00000000 00000000 ................
0x020afaf8: 00000000 00000000 00000000 00000000 ................
0x020afb08: 00000000 00000000 00000000 00000000 ................
0x020afb18: 00000000 00000000 00000000 00000000 ................
0x020afb28: 00000000 00000000 00000000 00000000 ................
0x020afb38: 00000000 00000000 00000000 00000000 ................
0x020afb48: 00000000 00000000 00000000 00000000 ................
0x020afb58: 00000000 00000000 00000000 00000000 ................
0x020afb68: 00000000 00000000 00000000 00000000 ................
0x020afb78: 00000000 00000000 00000000 00000000 ................
0x020afb88: 00000000 00000000 00000000 00000000 ................
0x020afb98: 00000000 00000000 00000000 00000000 ................
0x020afba8: 00000000 00000000 00000000 00000000 ................
0x020afbb8: 00000000 00000000 00000000 00000000 ................
0x020afbc8: 00000000 00000000 00000000 00000000 ................
0x020afbd8: 00000000 00000000 00000000 00000000 ................
0x020afbe8: 00000000 00000000 00000000 00000000 ................
0x020afbf8: 00000000 00000000 00000000 00000000 ................
0x020afc08: 00000000 00000000 00000000 00000000 ................
0x020afc18: 00000000 00000000 00000000 00000000 ................
0x020afc28: 00000000 00000000 00000000 00000000 ................
0x020afc38: 00000000 00000000 00000000 00000000 ................
0x020afc48: 00000000 00000000 00000000 00000000 ................
0x020afc58: 00000000 00000000 00000000 00000000 ................
0x020afc68: 00000000 00000000 00000000 00000000 ................
0x020afc78: 00000000 00000000 00000000 00000000 ................
0x020afc88: 00000000 00000000 00000000 00000000 ................
0x020afc98: 00000000 00000000 00000000 00000000 ................
0x020afca8: 00000000 00000000 00000000 00000000 ................
0x020afcb8: 00000000 00000000 00000000 00000000 ................
0x020afcc8: 00000000 00000000 00000000 00000000 ................
0x020afcd8: 00000000 00000000 00000000 00000000 ................
0x020afce8: 00000000 00000000 00000000 00000000 ................
0x020afcf8: 00000000 00000000 00000000 00000000 ................
0x020afd08: 00000000 00000000 00000000 00000000 ................
0x020afd18: 00000000 00000000 00000000 00000000 ................
0x020afd28: 00000000 00000000 00000000 00000000 ................
0x020afd38: 00000000 00000000 00000000 00000000 ................
0x020afd48: 00000000 00000000 00000000 00000000 ................
0x020afd58: 00000000 00000000 00000000 00000000 ................
0x020afd68: 00000000 00000000 00000000 00000000 ................
0x020afd78: 00000000 00000000 00000000 00000000 ................
0x020afd88: 00000000 00000000 00000000 00000000 ................
0x020afd98: 00000000 00000000 00000000 00000000 ................
0x020afda8: 00000000 00000000 00000000 00000000 ................
0x020afdb8: 00000000 00000000 00000000 00000000 ................
0x020afdc8: 00000000 00000000 00000000 00000000 ................
0x020afdd8: 00000000 00000000 00000000 00000000 ................
0x020afde8: 00000000 00000000 00000000 00000000 ................
0x020afdf8: 00000000 00000000 00000000 00000000 ................
0x020afe08: 00000000 00000000 00000000 00000000 ................
0x020afe18: 00000000 00000000 00000000 00000000 ................
0x020afe28: 00000000 00000000 00000000 00000000 ................
0x020afe38: 00000000 00000000 00000000 00000000 ................
0x020afe48: 00000000 00000000 00000000 00000000 ................
0x020afe58: 00000000 00000000 00000000 00000000 ................
0x020afe68: 00000000 00000000 00000000 00000000 ................
0x020afe78: 00000000 00000000 00000000 00000000 ................
0x020afe88: 00000000 00000000 00000000 00000000 ................
0x020afe98: 00000000 00000000 00000000 00000000 ................
0x020afea8: 00000000 00000000 00000000 00000000 ................
0x020afeb8: 00000000 00000000 00000000 00000000 ................
0x020afec8: 00000000 00000000 00000000 00000000 ................
0x020afed8: 00000000 00000000 00000000 00000000 ................
0x020afee8: 00000000 00000000 00000000 00000000 ................
0x020afef8: 00000000 00000000 00000000 00000000 ................
0x020aff08: 00000000 00000000 00000000 00000000 ................
0x020aff18: 00000000 00000000 00000000 00000000 ................
0x020aff28: 00000000 00000000 00000000 00000000 ................
0x020aff38: 00000000 00000000 00000000 00000000 ................
0x020aff48: 00000000 00000000 00000000 00000000 ................
0x020aff58: 00000000 00000000 00000000 00000000 ................
0x020aff68: 00000000 00000000 00000000 00000000 ................
0x020aff78: 00000000 00000000 00000000 00000000 ................
0x020aff88: 00000000 00000000 00000000 00000000 ................
0x020aff98: 00000000 00000000 00000000 00000000 ................
0x020affa8: 00000000 00000000 00000000 00000000 ................
0x020affb8: 00000000 00000000 00000000 00000000 ................
0x020affc8: 00000000 00000000 00000000 00000000 ................
0x020affd8: 00000000 00000000 00000000 00000000 ................
0x020affe8: 00000000 00000000 00000000 00000000 ................
0x020afff8: 00000000 00000000                   ........

Module 1
C:\WINDOWS\SYSTEM32\xinput1_3.dll
Image Base: 0x00400000  Image Size: 0x00016000
File Size:  81768       File Time:  2007-04-04_185342
Version:
   Company:    Microsoft Corporation
   Product:    Microsoft® DirectX for Windows®
   FileDesc:   Microsoft Common Controller API
   FileVer:    9.18.944.0
   ProdVer:    9.18.944.0

Module 2
C:\Users\Bonhomme\Documents\ServerSet\networkTest.exe
Image Base: 0x00e10000  Image Size: 0x01193000
File Size:  17577472    File Time:  2016-11-09_074848
Version:
   Company:    
   Product:    
   FileDesc:   
   FileVer:    5.4.3.62657
   ProdVer:    5.4.3.62657

Module 3
C:\Users\Bonhomme\Documents\ServerSet\networkTest_Data\Mono\mono.dll
Image Base: 0x10000000  Image Size: 0x00231000
File Size:  2114520     File Time:  2016-11-09_075640
Version:
   Company:    Unity Technologies
   Product:    libmono
   FileDesc:   Unity Technologies fork of mono runtime
   FileVer:    1.0.0.1
   ProdVer:    1.0.0.1

Module 4
C:\WINDOWS\System32\DriverStore\FileRepository\nvlti.inf_amd64_37b47f49d2675149\nvwgf2um.dll
Image Base: 0x62aa0000  Image Size: 0x0133e000
File Size:  20232240    File Time:  2016-09-16_194530
Version:
   Company:    NVIDIA Corporation
   Product:    NVIDIA D3D10 drivers
   FileDesc:   NVIDIA D3D10 Driver, Version 372.90 
   FileVer:    21.21.13.7290
   ProdVer:    21.21.13.7290

Module 5
C:\WINDOWS\SYSTEM32\HID.DLL
Image Base: 0x63de0000  Image Size: 0x0000a000
File Size:  25600       File Time:  2016-07-16_064250
Version:
   Company:    Microsoft Corporation
   Product:    Microsoft® Windows® Operating System
   FileDesc:   Hid User Library
   FileVer:    10.0.14393.0
   ProdVer:    10.0.14393.0

Module 6
C:\WINDOWS\SYSTEM32\midimap.dll
Image Base: 0x649c0000  Image Size: 0x00008000
File Size:  18944       File Time:  2016-07-16_064250
Version:
   Company:    Microsoft Corporation
   Product:    Microsoft® Windows® Operating System
   FileDesc:   Microsoft MIDI Mapper
   FileVer:    10.0.14393.0
   ProdVer:    10.0.14393.0

Module 7
C:\WINDOWS\SYSTEM32\MSACM32.dll
Image Base: 0x649d0000  Image Size: 0x00018000
File Size:  90912       File Time:  2016-07-16_064250
Version:
   Company:    Microsoft Corporation
   Product:    Microsoft® Windows® Operating System
   FileDesc:   Microsoft ACM Audio Filter
   FileVer:    10.0.14393.0
   ProdVer:    10.0.14393.0

Module 8
C:\WINDOWS\SYSTEM32\msacm32.drv
Image Base: 0x649f0000  Image Size: 0x0000a000
File Size:  24576       File Time:  2016-07-16_064250
Version:
   Company:    Microsoft Corporation
   Product:    Microsoft® Windows® Operating System
   FileDesc:   Microsoft Sound Mapper
   FileVer:    10.0.14393.0
   ProdVer:    10.0.14393.0

Module 9
C:\WINDOWS\SYSTEM32\wdmaud.drv
Image Base: 0x64a00000  Image Size: 0x00039000
File Size:  207360      File Time:  2016-07-16_064250
Version:
   Company:    Microsoft Corporation
   Product:    Microsoft® Windows® Operating System
   FileDesc:   Winmm  audio system driver
   FileVer:    10.0.14393.0
   ProdVer:    10.0.14393.0

Module 10
C:\WINDOWS\SYSTEM32\AVRT.dll
Image Base: 0x6aea0000  Image Size: 0x00009000
File Size:  29448       File Time:  2016-07-16_064250
Version:
   Company:    Microsoft Corporation
   Product:    Microsoft® Windows® Operating System
   FileDesc:   Multimedia Realtime Runtime
   FileVer:    10.0.14393.0
   ProdVer:    10.0.14393.0

Module 11
C:\WINDOWS\System32\PROPSYS.dll
Image Base: 0x6ba70000  Image Size: 0x0014f000
File Size:  1375456     File Time:  2016-07-16_064256
Version:
   Company:    Microsoft Corporation
   Product:    Windows® Search
   FileDesc:   Microsoft Property System
   FileVer:    7.0.14393.0
   ProdVer:    7.0.14393.0

Module 12
C:\WINDOWS\SYSTEM32\ksuser.dll
Image Base: 0x6c5b0000  Image Size: 0x00007000
File Size:  20672       File Time:  2016-07-16_064250
Version:
   Company:    Microsoft Corporation
   Product:    Microsoft® Windows® Operating System
   FileDesc:   User CSA Library
   FileVer:    10.0.14393.0
   ProdVer:    10.0.14393.0

Module 13
C:\WINDOWS\system32\wbem\fastprox.dll
Image Base: 0x6cdb0000  Image Size: 0x000c2000
File Size:  779776      File Time:  2016-07-16_064258
Version:
   Company:    Microsoft Corporation
   Product:    Microsoft® Windows® Operating System
   FileDesc:   WMI Custom Marshaller
   FileVer:    10.0.14393.0
   ProdVer:    10.0.14393.0

Module 14
C:\WINDOWS\system32\wbem\wbemsvc.dll
Image Base: 0x6ce80000  Image Size: 0x00010000
File Size:  48640       File Time:  2016-07-16_064258
Version:
   Company:    Microsoft Corporation
   Product:    Microsoft® Windows® Operating System
   FileDesc:   WMI
   FileVer:    10.0.14393.0
   ProdVer:    10.0.14393.0

Module 15
C:\WINDOWS\SYSTEM32\wbemcomn.dll
Image Base: 0x6ce90000  Image Size: 0x00067000
File Size:  391168      File Time:  2016-07-16_064258
Version:
   Company:    Microsoft Corporation
   Product:    Microsoft® Windows® Operating System
   FileDesc:   WMI
   FileVer:    10.0.14393.0
   ProdVer:    10.0.14393.0

Module 16
C:\WINDOWS\System32\MMDevApi.dll
Image Base: 0x6cf00000  Image Size: 0x00058000
File Size:  352768      File Time:  2016-07-16_064250
Version:
   Company:    Microsoft Corporation
   Product:    Microsoft® Windows® Operating System
   FileDesc:   MMDevice API
   FileVer:    10.0.14393.0
   ProdVer:    10.0.14393.0

Module 17
C:\WINDOWS\SYSTEM32\AUDIOSES.DLL
Image Base: 0x6cf60000  Image Size: 0x0007b000
File Size:  484584      File Time:  2016-11-02_070138
Version:
   Company:    Microsoft Corporation
   Product:    Microsoft® Windows® Operating System
   FileDesc:   Audio Session
   FileVer:    10.0.14393.447
   ProdVer:    10.0.14393.447

Module 18
C:\WINDOWS\SYSTEM32\dxgi.dll
Image Base: 0x6cfe0000  Image Size: 0x00084000
File Size:  527880      File Time:  2016-07-16_064250
Version:
   Company:    Microsoft Corporation
   Product:    Microsoft® Windows® Operating System
   FileDesc:   DirectX Graphics Infrastructure
   FileVer:    10.0.14393.0
   ProdVer:    10.0.14393.0

Module 19
C:\WINDOWS\SYSTEM32\d3d11.dll
Image Base: 0x6d190000  Image Size: 0x0022f000
File Size:  2276736     File Time:  2016-10-14_232050
Version:
   Company:    Microsoft Corporation
   Product:    Microsoft® Windows® Operating System
   FileDesc:   Direct3D 11 Runtime
   FileVer:    10.0.14393.351
   ProdVer:    10.0.14393.351

Module 20
C:\WINDOWS\SYSTEM32\DCIMAN32.dll
Image Base: 0x6d9b0000  Image Size: 0x00007000
File Size:  11776       File Time:  2016-07-16_064250
Version:
   Company:    Microsoft Corporation
   Product:    Microsoft® Windows® Operating System
   FileDesc:   DCI Manager
   FileVer:    10.0.14393.0
   ProdVer:    10.0.14393.0

Module 21
C:\WINDOWS\SYSTEM32\GLU32.dll
Image Base: 0x6d9c0000  Image Size: 0x00025000
File Size:  141312      File Time:  2016-07-16_064306
Version:
   Company:    Microsoft Corporation
   Product:    Microsoft® Windows® Operating System
   FileDesc:   OpenGL Utility Library DLL
   FileVer:    10.0.14393.0
   ProdVer:    10.0.14393.0

Module 22
C:\WINDOWS\SYSTEM32\DDRAW.dll
Image Base: 0x6d9f0000  Image Size: 0x000ed000
File Size:  548352      File Time:  2016-11-02_054022
Version:
   Company:    Microsoft Corporation
   Product:    Microsoft® Windows® Operating System
   FileDesc:   Microsoft DirectDraw
   FileVer:    10.0.14393.447
   ProdVer:    10.0.14393.447

Module 23
C:\WINDOWS\SYSTEM32\OPENGL32.dll
Image Base: 0x6f700000  Image Size: 0x000e0000
File Size:  786944      File Time:  2016-07-16_064306
Version:
   Company:    Microsoft Corporation
   Product:    Microsoft® Windows® Operating System
   FileDesc:   OpenGL Client DLL
   FileVer:    10.0.14393.0
   ProdVer:    10.0.14393.0

Module 24
C:\WINDOWS\SYSTEM32\WINMMBASE.dll
Image Base: 0x6f7e0000  Image Size: 0x00023000
File Size:  131208      File Time:  2016-07-16_064250
Version:
   Company:    Microsoft Corporation
   Product:    Microsoft® Windows® Operating System
   FileDesc:   Base Multimedia Extension API DLL
   FileVer:    10.0.14393.0
   ProdVer:    10.0.14393.0

Module 25
C:\WINDOWS\SYSTEM32\WINMM.dll
Image Base: 0x6f870000  Image Size: 0x00024000
File Size:  135376      File Time:  2016-07-16_064250
Version:
   Company:    Microsoft Corporation
   Product:    Microsoft® Windows® Operating System
   FileDesc:   MCI API DLL
   FileVer:    10.0.14393.0
   ProdVer:    10.0.14393.0

Module 26
C:\WINDOWS\SYSTEM32\wintypes.dll
Image Base: 0x70510000  Image Size: 0x000cf000
File Size:  846560      File Time:  2016-10-14_231810
Version:
   Company:    Microsoft Corporation
   Product:    Microsoft® Windows® Operating System
   FileDesc:   Windows Base Types DLL
   FileVer:    10.0.14393.351
   ProdVer:    10.0.14393.351

Module 27
C:\WINDOWS\WinSxS\x86_microsoft.windows.common-controls_6595b64144ccf1df_6.0.14393.447_none_89c64d28dafea4b9\comctl32.dll
Image Base: 0x70c00000  Image Size: 0x0020a000
File Size:  2122080     File Time:  2016-11-02_060450
Version:
   Company:    Microsoft Corporation
   Product:    Microsoft® Windows® Operating System
   FileDesc:   User Experience Controls Library
   FileVer:    6.10.14393.447
   ProdVer:    10.0.14393.447

Module 28
C:\WINDOWS\system32\wbem\wbemprox.dll
Image Base: 0x71010000  Image Size: 0x0000d000
File Size:  35328       File Time:  2016-07-16_064258
Version:
   Company:    Microsoft Corporation
   Product:    Microsoft® Windows® Operating System
   FileDesc:   WMI
   FileVer:    10.0.14393.0
   ProdVer:    10.0.14393.0

Module 29
C:\Windows\System32\rasadhlp.dll
Image Base: 0x71530000  Image Size: 0x00008000
File Size:  13312       File Time:  2016-07-16_064302
Version:
   Company:    Microsoft Corporation
   Product:    Microsoft® Windows® Operating System
   FileDesc:   Remote Access AutoDial Helper
   FileVer:    10.0.14393.0
   ProdVer:    10.0.14393.0

Module 30
C:\WINDOWS\System32\fwpuclnt.dll
Image Base: 0x71540000  Image Size: 0x00049000
File Size:  279040      File Time:  2016-07-16_064256
Version:
   Company:    Microsoft Corporation
   Product:    Microsoft® Windows® Operating System
   FileDesc:   FWP/IPsec User-Mode API
   FileVer:    10.0.14393.0
   ProdVer:    10.0.14393.0

Module 31
C:\WINDOWS\SYSTEM32\DNSAPI.dll
Image Base: 0x715c0000  Image Size: 0x0007c000
File Size:  496872      File Time:  2016-09-15_123716
Version:
   Company:    Microsoft Corporation
   Product:    Microsoft® Windows® Operating System
   FileDesc:   DNS Client API DLL
   FileVer:    10.0.14393.206
   ProdVer:    10.0.14393.206

Module 32
C:\WINDOWS\system32\dwmapi.dll
Image Base: 0x71760000  Image Size: 0x0001f000
File Size:  113504      File Time:  2016-09-15_121352
Version:
   Company:    Microsoft Corporation
   Product:    Microsoft® Windows® Operating System
   FileDesc:   Microsoft Desktop Window Manager API
   FileVer:    10.0.14393.206
   ProdVer:    10.0.14393.206

Module 33
C:\WINDOWS\system32\uxtheme.dll
Image Base: 0x718e0000  Image Size: 0x00075000
File Size:  457728      File Time:  2016-07-16_064306
Version:
   Company:    Microsoft Corporation
   Product:    Microsoft® Windows® Operating System
   FileDesc:   Microsoft UxTheme Library
   FileVer:    10.0.14393.0
   ProdVer:    10.0.14393.0

Module 34
C:\WINDOWS\system32\rsaenh.dll
Image Base: 0x72610000  Image Size: 0x0002f000
File Size:  184416      File Time:  2016-07-16_064256
Version:
   Company:    Microsoft Corporation
   Product:    Microsoft® Windows® Operating System
   FileDesc:   Microsoft Enhanced Cryptographic Provider
   FileVer:    10.0.14393.0
   ProdVer:    10.0.14393.0

Module 35
C:\WINDOWS\SYSTEM32\CRYPTSP.dll
Image Base: 0x72640000  Image Size: 0x00013000
File Size:  68720       File Time:  2016-07-16_064256
Version:
   Company:    Microsoft Corporation
   Product:    Microsoft® Windows® Operating System
   FileDesc:   Cryptographic Service Provider API
   FileVer:    10.0.14393.0
   ProdVer:    10.0.14393.0

Module 36
C:\WINDOWS\SYSTEM32\dhcpcsvc.DLL
Image Base: 0x73a20000  Image Size: 0x00014000
File Size:  63488       File Time:  2016-07-16_064256
Version:
   Company:    Microsoft Corporation
   Product:    Microsoft® Windows® Operating System
   FileDesc:   DHCP Client Service
   FileVer:    10.0.14393.0
   ProdVer:    10.0.14393.0

Module 37
C:\WINDOWS\SYSTEM32\dhcpcsvc6.DLL
Image Base: 0x73a40000  Image Size: 0x00013000
File Size:  57344       File Time:  2016-07-16_064256
Version:
   Company:    Microsoft Corporation
   Product:    Microsoft® Windows® Operating System
   FileDesc:   DHCPv6 Client
   FileVer:    10.0.14393.0
   ProdVer:    10.0.14393.0

Module 38
C:\WINDOWS\SYSTEM32\MSWSOCK.dll
Image Base: 0x74180000  Image Size: 0x0004e000
File Size:  306016      File Time:  2016-07-16_064256
Version:
   Company:    Microsoft Corporation
   Product:    Microsoft® Windows® Operating System
   FileDesc:   Microsoft Windows Sockets 2.0 Service Provider
   FileVer:    10.0.14393.0
   ProdVer:    10.0.14393.0

Module 39
C:\WINDOWS\SYSTEM32\WINHTTP.dll
Image Base: 0x74200000  Image Size: 0x000a0000
File Size:  636928      File Time:  2016-10-14_224418
Version:
   Company:    Microsoft Corporation
   Product:    Microsoft® Windows® Operating System
   FileDesc:   Windows HTTP Services
   FileVer:    10.0.14393.351
   ProdVer:    10.0.14393.351

Module 40
C:\WINDOWS\SYSTEM32\IPHLPAPI.DLL
Image Base: 0x742a0000  Image Size: 0x0002f000
File Size:  184416      File Time:  2016-07-16_064256
Version:
   Company:    Microsoft Corporation
   Product:    Microsoft® Windows® Operating System
   FileDesc:   IP Helper API
   FileVer:    10.0.14393.0
   ProdVer:    10.0.14393.0

Module 41
C:\WINDOWS\SYSTEM32\dbghelp.dll
Image Base: 0x742d0000  Image Size: 0x00145000
File Size:  1220608     File Time:  2016-07-16_064258
Version:
   Company:    Microsoft
   Product:    Microsoft® Windows® Operating System
   FileDesc:   Windows Image Helper
   FileVer:    10.0.14321.1024
   ProdVer:    10.0.14321.1024

Module 42
C:\WINDOWS\System32\DEVOBJ.dll
Image Base: 0x745f0000  Image Size: 0x00022000
File Size:  132232      File Time:  2016-07-16_064256
Version:
   Company:    Microsoft Corporation
   Product:    Microsoft® Windows® Operating System
   FileDesc:   Device Information Set DLL
   FileVer:    10.0.14393.0
   ProdVer:    10.0.14393.0

Module 43
C:\WINDOWS\SYSTEM32\ntmarta.dll
Image Base: 0x74620000  Image Size: 0x00028000
File Size:  154432      File Time:  2016-07-16_064256
Version:
   Company:    Microsoft Corporation
   Product:    Microsoft® Windows® Operating System
   FileDesc:   Windows NT MARTA provider
   FileVer:    10.0.14393.0
   ProdVer:    10.0.14393.0

Module 44
C:\WINDOWS\SYSTEM32\bcrypt.dll
Image Base: 0x74650000  Image Size: 0x0001b000
File Size:  106896      File Time:  2016-07-16_064256
Version:
   Company:    Microsoft Corporation
   Product:    Microsoft® Windows® Operating System
   FileDesc:   Windows Cryptographic Primitives Library
   FileVer:    10.0.14393.0
   ProdVer:    10.0.14393.0

Module 45
C:\WINDOWS\SYSTEM32\VERSION.dll
Image Base: 0x746e0000  Image Size: 0x00008000
File Size:  27360       File Time:  2016-07-16_064306
Version:
   Company:    Microsoft Corporation
   Product:    Microsoft® Windows® Operating System
   FileDesc:   Version Checking and File Installation Libraries
   FileVer:    10.0.14393.0
   ProdVer:    10.0.14393.0

Module 46
C:\WINDOWS\System32\CRYPTBASE.dll
Image Base: 0x746f0000  Image Size: 0x0000a000
File Size:  31528       File Time:  2016-07-16_064250
Version:
   Company:    Microsoft Corporation
   Product:    Microsoft® Windows® Operating System
   FileDesc:   Base cryptographic API DLL
   FileVer:    10.0.14393.0
   ProdVer:    10.0.14393.0

Module 47
C:\WINDOWS\System32\SspiCli.dll
Image Base: 0x74700000  Image Size: 0x0001e000
File Size:  117240      File Time:  2016-09-07_000758
Version:
   Company:    Microsoft Corporation
   Product:    Microsoft® Windows® Operating System
   FileDesc:   Security Support Provider Interface
   FileVer:    10.0.14393.187
   ProdVer:    10.0.14393.187

Module 48
C:\WINDOWS\System32\SHELL32.dll
Image Base: 0x74810000  Image Size: 0x013d9000
File Size:  20969928    File Time:  2016-11-02_060518
Version:
   Company:    Microsoft Corporation
   Product:    Microsoft® Windows® Operating System
   FileDesc:   Windows Shell Common Dll
   FileVer:    10.0.14393.447
   ProdVer:    10.0.14393.447

Module 49
C:\WINDOWS\System32\OLEAUT32.dll
Image Base: 0x75bf0000  Image Size: 0x00094000
File Size:  601712      File Time:  2016-11-02_062300
Version:
   Company:    Microsoft Corporation
   Product:    Microsoft® Windows® Operating System
   FileDesc:   OLEAUT32.DLL
   FileVer:    10.0.14393.447
   ProdVer:    10.0.14393.447

Module 50
C:\WINDOWS\System32\PSAPI.DLL
Image Base: 0x75c90000  Image Size: 0x00006000
File Size:  17048       File Time:  2016-07-16_064246
Version:
   Company:    Microsoft Corporation
   Product:    Microsoft® Windows® Operating System
   FileDesc:   Process Status Helper
   FileVer:    10.0.14393.0
   ProdVer:    10.0.14393.0

Module 51
C:\WINDOWS\System32\msvcrt.dll
Image Base: 0x75ca0000  Image Size: 0x000be000
File Size:  773168      File Time:  2016-07-16_064250
Version:
   Company:    Microsoft Corporation
   Product:    Microsoft® Windows® Operating System
   FileDesc:   Windows NT CRT DLL
   FileVer:    7.0.14393.0
   ProdVer:    10.0.14393.0

Module 52
C:\WINDOWS\System32\clbcatq.dll
Image Base: 0x75d60000  Image Size: 0x00084000
File Size:  528360      File Time:  2016-07-16_064248
Version:
   Company:    Microsoft Corporation
   Product:    Microsoft® Windows® Operating System
   FileDesc:   COM+ Configuration Catalog
   FileVer:    2001.12.10941.16384
   ProdVer:    10.0.14393.0

Module 53
C:\WINDOWS\System32\gdi32full.dll
Image Base: 0x75df0000  Image Size: 0x0015b000
File Size:  1415744     File Time:  2016-11-02_060132
Version:
   Company:    Microsoft Corporation
   Product:    Microsoft® Windows® Operating System
   FileDesc:   GDI Client DLL
   FileVer:    10.0.14393.447
   ProdVer:    10.0.14393.447

Module 54
C:\WINDOWS\System32\ole32.dll
Image Base: 0x75f50000  Image Size: 0x000ea000
File Size:  959112      File Time:  2016-11-02_060514
Version:
   Company:    Microsoft Corporation
   Product:    Microsoft® Windows® Operating System
   FileDesc:   Microsoft OLE for Windows
   FileVer:    10.0.14393.447
   ProdVer:    10.0.14393.447

Module 55
C:\WINDOWS\System32\NSI.dll
Image Base: 0x76040000  Image Size: 0x00007000
File Size:  20152       File Time:  2016-07-16_064228
Version:
   Company:    Microsoft Corporation
   Product:    Microsoft® Windows® Operating System
   FileDesc:   NSI User-mode interface DLL
   FileVer:    10.0.14393.0
   ProdVer:    10.0.14393.0

Module 56
C:\WINDOWS\System32\cfgmgr32.dll
Image Base: 0x76050000  Image Size: 0x00036000
File Size:  213848      File Time:  2016-07-16_064256
Version:
   Company:    Microsoft Corporation
   Product:    Microsoft® Windows® Operating System
   FileDesc:   Configuration Manager DLL
   FileVer:    10.0.14393.0
   ProdVer:    10.0.14393.0

Module 57
C:\WINDOWS\System32\KERNEL32.DLL
Image Base: 0x761a0000  Image Size: 0x000e0000
File Size:  616048      File Time:  2016-07-16_064246
Version:
   Company:    Microsoft Corporation
   Product:    Microsoft® Windows® Operating System
   FileDesc:   Windows NT BASE API Client DLL
   FileVer:    10.0.14393.0
   ProdVer:    10.0.14393.0

Module 58
C:\WINDOWS\System32\WS2_32.dll
Image Base: 0x76280000  Image Size: 0x00063000
File Size:  402352      File Time:  2016-09-15_123706
Version:
   Company:    Microsoft Corporation
   Product:    Microsoft® Windows® Operating System
   FileDesc:   Windows Socket 2.0 32-Bit DLL
   FileVer:    10.0.14393.206
   ProdVer:    10.0.14393.206

Module 59
C:\WINDOWS\System32\RPCRT4.dll
Image Base: 0x762f0000  Image Size: 0x000c1000
File Size:  790760      File Time:  2016-09-05_123542
Version:
   Company:    Microsoft Corporation
   Product:    Microsoft® Windows® Operating System
   FileDesc:   Remote Procedure Call Runtime
   FileVer:    10.0.14393.82
   ProdVer:    10.0.14393.82

Module 60
C:\WINDOWS\System32\powrprof.dll
Image Base: 0x765a0000  Image Size: 0x00045000
File Size:  275832      File Time:  2016-07-16_064256
Version:
   Company:    Microsoft Corporation
   Product:    Microsoft® Windows® Operating System
   FileDesc:   Power Profile Helper DLL
   FileVer:    10.0.14393.0
   ProdVer:    10.0.14393.0

Module 61
C:\WINDOWS\System32\kernel.appcore.dll
Image Base: 0x765f0000  Image Size: 0x0000d000
File Size:  43416       File Time:  2016-07-16_064256
Version:
   Company:    Microsoft Corporation
   Product:    Microsoft® Windows® Operating System
   FileDesc:   AppModel API Host
   FileVer:    10.0.14393.0
   ProdVer:    10.0.14393.0

Module 62
C:\WINDOWS\System32\GDI32.dll
Image Base: 0x76600000  Image Size: 0x0002b000
File Size:  170960      File Time:  2016-09-15_122320
Version:
   Company:    Microsoft Corporation
   Product:    Microsoft® Windows® Operating System
   FileDesc:   GDI Client DLL
   FileVer:    10.0.14393.206
   ProdVer:    10.0.14393.206

Module 63
C:\WINDOWS\System32\sechost.dll
Image Base: 0x76630000  Image Size: 0x00041000
File Size:  255168      File Time:  2016-07-16_064250
Version:
   Company:    Microsoft Corporation
   Product:    Microsoft® Windows® Operating System
   FileDesc:   Host for SCM/SDDL/LSA Lookup APIs
   FileVer:    10.0.14393.0
   ProdVer:    10.0.14393.0

Module 64
C:\WINDOWS\System32\windows.storage.dll
Image Base: 0x76680000  Image Size: 0x0056e000
File Size:  5722320     File Time:  2016-09-15_122242
Version:
   Company:    Microsoft Corporation
   Product:    Microsoft® Windows® Operating System
   FileDesc:   Microsoft WinRT Storage API
   FileVer:    10.0.14393.206
   ProdVer:    10.0.14393.206

Module 65
C:\WINDOWS\System32\combase.dll
Image Base: 0x76c10000  Image Size: 0x00211000
File Size:  2166232     File Time:  2016-10-14_231802
Version:
   Company:    Microsoft Corporation
   Product:    Microsoft® Windows® Operating System
   FileDesc:   Microsoft COM for Windows
   FileVer:    10.0.14393.351
   ProdVer:    10.0.14393.351

Module 66
C:\WINDOWS\System32\KERNELBASE.dll
Image Base: 0x76e30000  Image Size: 0x001a1000
File Size:  1705976     File Time:  2016-10-05_050326
Version:
   Company:    Microsoft Corporation
   Product:    Microsoft® Windows® Operating System
   FileDesc:   Windows NT BASE API Client DLL
   FileVer:    10.0.14393.321
   ProdVer:    10.0.14393.321

Module 67
C:\WINDOWS\System32\MSCTF.dll
Image Base: 0x76fe0000  Image Size: 0x00135000
File Size:  1263856     File Time:  2016-11-02_060122
Version:
   Company:    Microsoft Corporation
   Product:    Microsoft® Windows® Operating System
   FileDesc:   MSCTF Server DLL
   FileVer:    10.0.14393.447
   ProdVer:    10.0.14393.447

Module 68
C:\WINDOWS\System32\IMM32.dll
Image Base: 0x77120000  Image Size: 0x00025000
File Size:  144632      File Time:  2016-07-16_064250
Version:
   Company:    Microsoft Corporation
   Product:    Microsoft® Windows® Operating System
   FileDesc:   Multi-User Windows IMM32 API Client DLL
   FileVer:    10.0.14393.0
   ProdVer:    10.0.14393.0

Module 69
C:\WINDOWS\System32\shcore.dll
Image Base: 0x77150000  Image Size: 0x00088000
File Size:  549088      File Time:  2016-07-16_064244
Version:
   Company:    Microsoft Corporation
   Product:    Microsoft® Windows® Operating System
   FileDesc:   SHCORE
   FileVer:    10.0.14393.0
   ProdVer:    10.0.14393.0

Module 70
C:\WINDOWS\System32\SHLWAPI.dll
Image Base: 0x771e0000  Image Size: 0x00046000
File Size:  284056      File Time:  2016-07-16_064304
Version:
   Company:    Microsoft Corporation
   Product:    Microsoft® Windows® Operating System
   FileDesc:   Shell Light-weight Utility Library
   FileVer:    10.0.14393.0
   ProdVer:    10.0.14393.0

Module 71
C:\WINDOWS\System32\USER32.dll
Image Base: 0x77290000  Image Size: 0x0015f000
File Size:  1435896     File Time:  2016-10-14_231124
Version:
   Company:    Microsoft Corporation
   Product:    Microsoft® Windows® Operating System
   FileDesc:   Multi-User Windows USER API Client DLL
   FileVer:    10.0.14393.351
   ProdVer:    10.0.14393.351

Module 72
C:\WINDOWS\System32\ucrtbase.dll
Image Base: 0x773f0000  Image Size: 0x000e0000
File Size:  918304      File Time:  2016-07-16_064256
Version:
   Company:    Microsoft Corporation
   Product:    Microsoft® Windows® Operating System
   FileDesc:   Microsoft® C Runtime Library
   FileVer:    10.0.14393.0
   ProdVer:    10.0.14393.0

Module 73
C:\WINDOWS\System32\win32u.dll
Image Base: 0x774d0000  Image Size: 0x00015000
File Size:  79536       File Time:  2016-08-01_234722
Version:
   Company:    Microsoft Corporation
   Product:    Microsoft® Windows® Operating System
   FileDesc:   Win32u
   FileVer:    10.0.14393.51
   ProdVer:    10.0.14393.51

Module 74
C:\WINDOWS\System32\ADVAPI32.dll
Image Base: 0x774f0000  Image Size: 0x00077000
File Size:  482392      File Time:  2016-07-16_064250
Version:
   Company:    Microsoft Corporation
   Product:    Microsoft® Windows® Operating System
   FileDesc:   Advanced Windows 32 Base API
   FileVer:    10.0.14393.0
   ProdVer:    10.0.14393.0

Module 75
C:\WINDOWS\System32\msvcp_win.dll
Image Base: 0x776e0000  Image Size: 0x0007b000
File Size:  498408      File Time:  2016-07-16_064256
Version:
   Company:    Microsoft Corporation
   Product:    Microsoft® Windows® Operating System
   FileDesc:   Microsoft® C Runtime Library
   FileVer:    10.0.14393.0
   ProdVer:    10.0.14393.0

Module 76
C:\WINDOWS\System32\SETUPAPI.dll
Image Base: 0x777c0000  Image Size: 0x0040b000
File Size:  4268368     File Time:  2016-07-16_064246
Version:
   Company:    Microsoft Corporation
   Product:    Microsoft® Windows® Operating System
   FileDesc:   Windows Setup API
   FileVer:    10.0.14393.0
   ProdVer:    10.0.14393.0

Module 77
C:\WINDOWS\System32\profapi.dll
Image Base: 0x77bd0000  Image Size: 0x0000f000
File Size:  54752       File Time:  2016-07-16_064250
Version:
   Company:    Microsoft Corporation
   Product:    Microsoft® Windows® Operating System
   FileDesc:   User Profile Basic API
   FileVer:    10.0.14393.0
   ProdVer:    10.0.14393.0

Module 78
C:\WINDOWS\System32\bcryptPrimitives.dll
Image Base: 0x77be0000  Image Size: 0x0005a000
File Size:  367208      File Time:  2016-07-16_064228
Version:
   Company:    Microsoft Corporation
   Product:    Microsoft® Windows® Operating System
   FileDesc:   Windows Cryptographic Primitives Library
   FileVer:    10.0.14393.0
   ProdVer:    10.0.14393.0

Module 79
C:\WINDOWS\SYSTEM32\ntdll.dll
Image Base: 0x77c40000  Image Size: 0x00182000
File Size:  1570672     File Time:  2016-11-02_062300
Version:
   Company:    Microsoft Corporation
   Product:    Microsoft® Windows® Operating System
   FileDesc:   NT Layer DLL
   FileVer:    10.0.14393.447
   ProdVer:    10.0.14393.447


== [end of error.log] ==
